2025-10-16T12:39:37.346Z [info]: Commit Tag: $GIT_SHA 
2025-10-16T12:39:49.647Z [info]: Starting Jellyseerr version 2.7.3 
2025-10-16T12:40:18.007Z [debug][Settings Migrator]: Checking migration '0001_migrate_hostname.js'... 
2025-10-16T12:40:18.034Z [debug][Settings Migrator]: Checking migration '0002_migrate_apitokens.js'... 
2025-10-16T12:40:18.050Z [debug][Settings Migrator]: Checking migration '0003_emby_media_server_type.js'... 
2025-10-16T12:40:18.073Z [debug][Settings Migrator]: Checking migration '0004_migrate_region_setting.js'... 
2025-10-16T12:40:18.091Z [debug][Settings Migrator]: Checking migration '0005_migrate_network_settings.js'... 
2025-10-16T12:40:18.139Z [debug][Settings Migrator]: Checking migration '0006_remove_lunasea.js'... 
2025-10-16T12:40:18.351Z [info][Notifications]: Registered notification agents 
2025-10-16T12:40:19.901Z [info][Jobs]: Scheduled jobs loaded 
2025-10-16T12:40:26.284Z [info][Server]: Server ready on port 5055 
2025-10-16T12:41:00.069Z [debug][Jobs]: Starting scheduled job: Download Sync 
2025-10-16T12:42:00.269Z [debug][Jobs]: Starting scheduled job: Download Sync 
2025-10-16T12:43:00.072Z [debug][Jobs]: Starting scheduled job: Download Sync 
2025-10-16T12:44:00.087Z [debug][Jobs]: Starting scheduled job: Download Sync 
2025-10-16T12:45:00.023Z [debug][Jobs]: Starting scheduled job: Download Sync 
2025-10-16T12:45:00.051Z [info][Jobs]: Starting scheduled job: Jellyfin Recently Added Scan 
2025-10-16T12:45:00.059Z [info][Jellyfin Sync]: Jellyfin Sync Starting {"sessionId":"66c3b034-c701-4219-b615-6a852eb60654"}
2025-10-16T12:45:00.114Z [info][Jellyfin Sync]: Beginning to process recently added for library: Filmes 
2025-10-16T12:45:04.214Z [debug][Jellyfin Sync]: Title already exists and no new media types found Redline 
2025-10-16T12:45:04.228Z [debug][Jellyfin Sync]: Title already exists and no new media types found Compulsion 
2025-10-16T12:45:08.234Z [info][Jellyfin Sync]: Beginning to process recently added for library: Séries 
2025-10-16T12:45:09.053Z [debug][Jellyfin Sync]: Updating existing title: MobLand 
2025-10-16T12:45:13.058Z [info][Jellyfin Sync]: Recently Added Scan Complete 
2025-10-16T12:46:00.024Z [debug][Jobs]: Starting scheduled job: Download Sync 
2025-10-16T12:47:00.029Z [debug][Jobs]: Starting scheduled job: Download Sync 
2025-10-16T12:48:00.024Z [debug][Jobs]: Starting scheduled job: Download Sync 
2025-10-16T12:49:00.026Z [debug][Jobs]: Starting scheduled job: Download Sync 
2025-10-16T12:50:00.065Z [debug][Jobs]: Starting scheduled job: Download Sync 
2025-10-16T12:50:00.107Z [info][Jobs]: Starting scheduled job: Jellyfin Recently Added Scan 
2025-10-16T12:50:00.110Z [info][Jellyfin Sync]: Jellyfin Sync Starting {"sessionId":"89728d4b-ddd1-4353-b3bb-7686906f56d4"}
2025-10-16T12:50:00.134Z [info][Jellyfin Sync]: Beginning to process recently added for library: Filmes 
2025-10-16T12:50:00.277Z [debug][Jellyfin Sync]: Title already exists and no new media types found Compulsion 
2025-10-16T12:50:00.282Z [debug][Jellyfin Sync]: Title already exists and no new media types found Redline 
2025-10-16T12:50:04.289Z [info][Jellyfin Sync]: Beginning to process recently added for library: Séries 
2025-10-16T12:50:04.598Z [debug][Jellyfin Sync]: Updating existing title: MobLand 
2025-10-16T12:50:08.606Z [info][Jellyfin Sync]: Recently Added Scan Complete 
2025-10-16T12:51:00.042Z [debug][Jobs]: Starting scheduled job: Download Sync 
2025-10-16T12:52:00.068Z [debug][Jobs]: Starting scheduled job: Download Sync 
2025-10-16T12:53:00.074Z [debug][Jobs]: Starting scheduled job: Download Sync 
2025-10-16T12:54:00.059Z [debug][Jobs]: Starting scheduled job: Download Sync 
2025-10-16T12:55:00.021Z [debug][Jobs]: Starting scheduled job: Download Sync 
2025-10-16T12:55:00.044Z [info][Jobs]: Starting scheduled job: Jellyfin Recently Added Scan 
2025-10-16T12:55:00.046Z [info][Jellyfin Sync]: Jellyfin Sync Starting {"sessionId":"45eb5998-d381-4483-a546-28b7812ef98c"}
2025-10-16T12:55:00.065Z [info][Jellyfin Sync]: Beginning to process recently added for library: Filmes 
2025-10-16T12:55:00.659Z [debug][Jellyfin Sync]: Title already exists and no new media types found Redline 
2025-10-16T12:55:00.719Z [debug][Jellyfin Sync]: Title already exists and no new media types found Compulsion 
2025-10-16T12:55:04.726Z [info][Jellyfin Sync]: Beginning to process recently added for library: Séries 
2025-10-16T12:55:05.030Z [debug][Jellyfin Sync]: Updating existing title: MobLand 
2025-10-16T12:55:09.037Z [info][Jellyfin Sync]: Recently Added Scan Complete 
2025-10-16T12:56:00.023Z [debug][Jobs]: Starting scheduled job: Download Sync 
2025-10-16T12:57:00.063Z [debug][Jobs]: Starting scheduled job: Download Sync 
2025-10-16T12:58:00.079Z [debug][Jobs]: Starting scheduled job: Download Sync 
2025-10-16T12:59:00.020Z [debug][Jobs]: Starting scheduled job: Download Sync 
2025-10-16T13:00:00.019Z [debug][Jobs]: Starting scheduled job: Download Sync 
2025-10-16T13:00:00.035Z [info][Jobs]: Starting scheduled job: Jellyfin Recently Added Scan 
2025-10-16T13:00:00.038Z [info][Jellyfin Sync]: Jellyfin Sync Starting {"sessionId":"6f4ad8f7-2ba2-498a-94f4-060bf9c8f7f5"}
2025-10-16T13:00:00.063Z [info][Jellyfin Sync]: Beginning to process recently added for library: Filmes 
2025-10-16T13:00:00.293Z [debug][Jellyfin Sync]: Title already exists and no new media types found Compulsion 
2025-10-16T13:00:00.298Z [debug][Jellyfin Sync]: Title already exists and no new media types found Redline 
2025-10-16T13:00:04.305Z [info][Jellyfin Sync]: Beginning to process recently added for library: Séries 
2025-10-16T13:00:04.609Z [debug][Jellyfin Sync]: Updating existing title: MobLand 
2025-10-16T13:00:08.616Z [info][Jellyfin Sync]: Recently Added Scan Complete 
2025-10-16T13:01:00.050Z [debug][Jobs]: Starting scheduled job: Download Sync 
2025-10-16T13:02:00.017Z [debug][Jobs]: Starting scheduled job: Download Sync 
2025-10-16T13:03:00.051Z [debug][Jobs]: Starting scheduled job: Download Sync 
2025-10-16T13:04:00.021Z [debug][Jobs]: Starting scheduled job: Download Sync 
2025-10-16T13:05:00.020Z [debug][Jobs]: Starting scheduled job: Download Sync 
2025-10-16T13:05:00.034Z [info][Jobs]: Starting scheduled job: Jellyfin Recently Added Scan 
2025-10-16T13:05:00.036Z [info][Jellyfin Sync]: Jellyfin Sync Starting {"sessionId":"a96f1efd-04fc-4115-a2de-05016385cbc9"}
2025-10-16T13:05:00.058Z [info][Jellyfin Sync]: Beginning to process recently added for library: Filmes 
2025-10-16T13:05:00.714Z [debug][Jellyfin Sync]: Title already exists and no new media types found Compulsion 
2025-10-16T13:05:00.720Z [debug][Jellyfin Sync]: Title already exists and no new media types found Redline 
2025-10-16T13:05:04.727Z [info][Jellyfin Sync]: Beginning to process recently added for library: Séries 
2025-10-16T13:05:04.914Z [debug][Jellyfin Sync]: Updating existing title: MobLand 
2025-10-16T13:05:08.921Z [info][Jellyfin Sync]: Recently Added Scan Complete 
2025-10-16T13:06:00.038Z [debug][Jobs]: Starting scheduled job: Download Sync 
2025-10-16T13:07:00.016Z [debug][Jobs]: Starting scheduled job: Download Sync 
2025-10-16T13:08:00.017Z [debug][Jobs]: Starting scheduled job: Download Sync 
2025-10-16T13:09:00.012Z [debug][Jobs]: Starting scheduled job: Download Sync 
2025-10-16T13:10:00.014Z [debug][Jobs]: Starting scheduled job: Download Sync 
2025-10-16T13:10:00.027Z [info][Jobs]: Starting scheduled job: Jellyfin Recently Added Scan 
2025-10-16T13:10:00.029Z [info][Jellyfin Sync]: Jellyfin Sync Starting {"sessionId":"f6d163f1-0fef-4f78-a494-78ef182cebe0"}
2025-10-16T13:10:00.048Z [info][Jellyfin Sync]: Beginning to process recently added for library: Filmes 
2025-10-16T13:10:00.202Z [debug][Jellyfin Sync]: Title already exists and no new media types found Compulsion 
2025-10-16T13:10:00.207Z [debug][Jellyfin Sync]: Title already exists and no new media types found Redline 
2025-10-16T13:10:04.215Z [info][Jellyfin Sync]: Beginning to process recently added for library: Séries 
2025-10-16T13:10:04.452Z [debug][Jellyfin Sync]: Updating existing title: MobLand 
2025-10-16T13:10:08.455Z [info][Jellyfin Sync]: Recently Added Scan Complete 
2025-10-16T13:11:00.015Z [debug][Jobs]: Starting scheduled job: Download Sync 
2025-10-16T13:12:00.032Z [debug][Jobs]: Starting scheduled job: Download Sync 
2025-10-16T13:13:00.058Z [debug][Jobs]: Starting scheduled job: Download Sync 
2025-10-16T13:14:00.015Z [debug][Jobs]: Starting scheduled job: Download Sync 
2025-10-16T13:15:00.031Z [debug][Jobs]: Starting scheduled job: Download Sync 
2025-10-16T13:15:00.055Z [info][Jobs]: Starting scheduled job: Jellyfin Recently Added Scan 
2025-10-16T13:15:00.058Z [info][Jellyfin Sync]: Jellyfin Sync Starting {"sessionId":"86ee0207-69c2-4021-a4e8-9a2267a2bb20"}
2025-10-16T13:15:00.102Z [info][Jellyfin Sync]: Beginning to process recently added for library: Filmes 
2025-10-16T13:15:00.826Z [debug][Jellyfin Sync]: Title already exists and no new media types found Compulsion 
2025-10-16T13:15:00.845Z [debug][Jellyfin Sync]: Title already exists and no new media types found Redline 
2025-10-16T13:15:04.854Z [info][Jellyfin Sync]: Beginning to process recently added for library: Séries 
2025-10-16T13:15:05.187Z [debug][Jellyfin Sync]: Updating existing title: MobLand 
2025-10-16T13:15:09.196Z [info][Jellyfin Sync]: Recently Added Scan Complete 
2025-10-16T13:16:00.017Z [debug][Jobs]: Starting scheduled job: Download Sync 
2025-10-16T13:17:00.024Z [debug][Jobs]: Starting scheduled job: Download Sync 
2025-10-16T13:18:00.032Z [debug][Jobs]: Starting scheduled job: Download Sync 
2025-10-16T13:19:00.033Z [debug][Jobs]: Starting scheduled job: Download Sync 
2025-10-16T13:20:00.030Z [debug][Jobs]: Starting scheduled job: Download Sync 
2025-10-16T13:20:00.076Z [info][Jobs]: Starting scheduled job: Jellyfin Recently Added Scan 
2025-10-16T13:20:00.083Z [info][Jellyfin Sync]: Jellyfin Sync Starting {"sessionId":"8880698a-39cd-427f-aade-b69ae72fade3"}
2025-10-16T13:20:00.137Z [info][Jellyfin Sync]: Beginning to process recently added for library: Filmes 
2025-10-16T13:20:00.297Z [debug][Jellyfin Sync]: Title already exists and no new media types found Redline 
2025-10-16T13:20:00.302Z [debug][Jellyfin Sync]: Title already exists and no new media types found Compulsion 
2025-10-16T13:20:04.309Z [info][Jellyfin Sync]: Beginning to process recently added for library: Séries 
2025-10-16T13:20:04.582Z [debug][Jellyfin Sync]: Updating existing title: MobLand 
2025-10-16T13:20:08.590Z [info][Jellyfin Sync]: Recently Added Scan Complete 
2025-10-16T13:21:00.016Z [debug][Jobs]: Starting scheduled job: Download Sync 
2025-10-16T13:22:00.018Z [debug][Jobs]: Starting scheduled job: Download Sync 
2025-10-16T13:23:00.013Z [debug][Jobs]: Starting scheduled job: Download Sync 
2025-10-16T13:24:00.010Z [debug][Jobs]: Starting scheduled job: Download Sync 
2025-10-16T13:25:00.016Z [debug][Jobs]: Starting scheduled job: Download Sync 
2025-10-16T13:25:00.027Z [info][Jobs]: Starting scheduled job: Jellyfin Recently Added Scan 
2025-10-16T13:25:00.032Z [info][Jellyfin Sync]: Jellyfin Sync Starting {"sessionId":"de13f646-bc60-4a91-aa5b-f72ba1d0ce64"}
2025-10-16T13:25:00.066Z [info][Jellyfin Sync]: Beginning to process recently added for library: Filmes 
2025-10-16T13:25:00.725Z [debug][Jellyfin Sync]: Title already exists and no new media types found Compulsion 
2025-10-16T13:25:00.733Z [debug][Jellyfin Sync]: Title already exists and no new media types found Redline 
2025-10-16T13:25:04.736Z [info][Jellyfin Sync]: Beginning to process recently added for library: Séries 
2025-10-16T13:25:04.991Z [debug][Jellyfin Sync]: Updating existing title: MobLand 
2025-10-16T13:25:08.999Z [info][Jellyfin Sync]: Recently Added Scan Complete 
2025-10-16T13:26:00.010Z [debug][Jobs]: Starting scheduled job: Download Sync 
2025-10-16T13:27:00.011Z [debug][Jobs]: Starting scheduled job: Download Sync 
2025-10-16T13:28:00.009Z [debug][Jobs]: Starting scheduled job: Download Sync 
2025-10-16T13:29:00.010Z [debug][Jobs]: Starting scheduled job: Download Sync 
2025-10-16T13:30:00.010Z [debug][Jobs]: Starting scheduled job: Download Sync 
2025-10-16T13:30:00.028Z [info][Jobs]: Starting scheduled job: Jellyfin Recently Added Scan 
2025-10-16T13:30:00.031Z [info][Jellyfin Sync]: Jellyfin Sync Starting {"sessionId":"d49c6481-f3fd-4660-b151-8696eedd38e6"}
2025-10-16T13:30:00.055Z [info][Jellyfin Sync]: Beginning to process recently added for library: Filmes 
2025-10-16T13:30:00.223Z [debug][Jellyfin Sync]: Title already exists and no new media types found Compulsion 
2025-10-16T13:30:00.244Z [debug][Jellyfin Sync]: Title already exists and no new media types found Redline 
2025-10-16T13:30:04.254Z [info][Jellyfin Sync]: Beginning to process recently added for library: Séries 
2025-10-16T13:30:04.410Z [debug][Jellyfin Sync]: Updating existing title: MobLand 
2025-10-16T13:30:08.416Z [info][Jellyfin Sync]: Recently Added Scan Complete 
2025-10-16T13:31:00.015Z [debug][Jobs]: Starting scheduled job: Download Sync 
2025-10-16T13:32:00.014Z [debug][Jobs]: Starting scheduled job: Download Sync 
2025-10-16T13:33:00.010Z [debug][Jobs]: Starting scheduled job: Download Sync 
2025-10-16T13:34:00.011Z [debug][Jobs]: Starting scheduled job: Download Sync 
2025-10-16T13:35:00.009Z [debug][Jobs]: Starting scheduled job: Download Sync 
2025-10-16T13:35:00.025Z [info][Jobs]: Starting scheduled job: Jellyfin Recently Added Scan 
2025-10-16T13:35:00.027Z [info][Jellyfin Sync]: Jellyfin Sync Starting {"sessionId":"71bd9853-fa76-4d6d-ad3b-8236ab5900d7"}
2025-10-16T13:35:00.048Z [info][Jellyfin Sync]: Beginning to process recently added for library: Filmes 
2025-10-16T13:35:00.610Z [debug][Jellyfin Sync]: Title already exists and no new media types found Redline 
2025-10-16T13:35:00.617Z [debug][Jellyfin Sync]: Title already exists and no new media types found Compulsion 
2025-10-16T13:35:04.622Z [info][Jellyfin Sync]: Beginning to process recently added for library: Séries 
2025-10-16T13:35:04.758Z [debug][Jellyfin Sync]: Updating existing title: MobLand 
2025-10-16T13:35:08.764Z [info][Jellyfin Sync]: Recently Added Scan Complete 
2025-10-16T13:36:00.009Z [debug][Jobs]: Starting scheduled job: Download Sync 
2025-10-16T13:37:00.009Z [debug][Jobs]: Starting scheduled job: Download Sync 
2025-10-16T13:38:00.017Z [debug][Jobs]: Starting scheduled job: Download Sync 
2025-10-16T13:39:00.007Z [debug][Jobs]: Starting scheduled job: Download Sync 
2025-10-16T13:40:00.010Z [debug][Jobs]: Starting scheduled job: Download Sync 
2025-10-16T13:40:00.019Z [info][Jobs]: Starting scheduled job: Jellyfin Recently Added Scan 
2025-10-16T13:40:00.021Z [info][Jellyfin Sync]: Jellyfin Sync Starting {"sessionId":"71f1e93b-789d-4db0-915f-5784a915cb89"}
2025-10-16T13:40:00.038Z [info][Jellyfin Sync]: Beginning to process recently added for library: Filmes 
2025-10-16T13:40:00.174Z [debug][Jellyfin Sync]: Title already exists and no new media types found Redline 
2025-10-16T13:40:00.181Z [debug][Jellyfin Sync]: Title already exists and no new media types found Compulsion 
2025-10-16T13:40:04.187Z [info][Jellyfin Sync]: Beginning to process recently added for library: Séries 
2025-10-16T13:40:04.452Z [debug][Jellyfin Sync]: Updating existing title: MobLand 
2025-10-16T13:40:08.457Z [info][Jellyfin Sync]: Recently Added Scan Complete 
2025-10-16T13:41:00.029Z [debug][Jobs]: Starting scheduled job: Download Sync 
2025-10-16T13:42:00.007Z [debug][Jobs]: Starting scheduled job: Download Sync 
2025-10-16T13:43:00.013Z [debug][Jobs]: Starting scheduled job: Download Sync 
2025-10-16T13:44:00.009Z [debug][Jobs]: Starting scheduled job: Download Sync 
2025-10-16T13:45:00.012Z [debug][Jobs]: Starting scheduled job: Download Sync 
2025-10-16T13:45:00.023Z [info][Jobs]: Starting scheduled job: Jellyfin Recently Added Scan 
2025-10-16T13:45:00.025Z [info][Jellyfin Sync]: Jellyfin Sync Starting {"sessionId":"038167b3-89f4-4bef-b796-598afe5cdb33"}
2025-10-16T13:45:00.047Z [info][Jellyfin Sync]: Beginning to process recently added for library: Filmes 
2025-10-16T13:45:00.627Z [debug][Jellyfin Sync]: Title already exists and no new media types found Redline 
2025-10-16T13:45:00.635Z [debug][Jellyfin Sync]: Title already exists and no new media types found Compulsion 
2025-10-16T13:45:04.642Z [info][Jellyfin Sync]: Beginning to process recently added for library: Séries 
2025-10-16T13:45:04.780Z [debug][Jellyfin Sync]: Updating existing title: MobLand 
2025-10-16T13:45:08.787Z [info][Jellyfin Sync]: Recently Added Scan Complete 
2025-10-16T13:46:00.014Z [debug][Jobs]: Starting scheduled job: Download Sync 
2025-10-16T13:47:00.009Z [debug][Jobs]: Starting scheduled job: Download Sync 
2025-10-16T13:48:00.009Z [debug][Jobs]: Starting scheduled job: Download Sync 
2025-10-16T13:49:00.025Z [debug][Jobs]: Starting scheduled job: Download Sync 
2025-10-16T13:50:00.009Z [debug][Jobs]: Starting scheduled job: Download Sync 
2025-10-16T13:50:00.020Z [info][Jobs]: Starting scheduled job: Jellyfin Recently Added Scan 
2025-10-16T13:50:00.022Z [info][Jellyfin Sync]: Jellyfin Sync Starting {"sessionId":"8cb81053-e82f-4a3f-b699-e41c3706caa1"}
2025-10-16T13:50:00.038Z [info][Jellyfin Sync]: Beginning to process recently added for library: Filmes 
2025-10-16T13:50:00.196Z [debug][Jellyfin Sync]: Title already exists and no new media types found Compulsion 
2025-10-16T13:50:00.207Z [debug][Jellyfin Sync]: Title already exists and no new media types found Redline 
2025-10-16T13:50:04.214Z [info][Jellyfin Sync]: Beginning to process recently added for library: Séries 
2025-10-16T13:50:04.367Z [debug][Jellyfin Sync]: Updating existing title: MobLand 
2025-10-16T13:50:08.374Z [info][Jellyfin Sync]: Recently Added Scan Complete 
2025-10-16T13:51:00.014Z [debug][Jobs]: Starting scheduled job: Download Sync 
2025-10-16T13:52:00.010Z [debug][Jobs]: Starting scheduled job: Download Sync 
2025-10-16T13:53:00.013Z [debug][Jobs]: Starting scheduled job: Download Sync 
2025-10-16T13:54:00.008Z [debug][Jobs]: Starting scheduled job: Download Sync 
2025-10-16T13:55:00.010Z [debug][Jobs]: Starting scheduled job: Download Sync 
2025-10-16T13:55:00.020Z [info][Jobs]: Starting scheduled job: Jellyfin Recently Added Scan 
2025-10-16T13:55:00.023Z [info][Jellyfin Sync]: Jellyfin Sync Starting {"sessionId":"5cce877e-e343-44cb-995b-18e3e94fe7af"}
2025-10-16T13:55:00.042Z [info][Jellyfin Sync]: Beginning to process recently added for library: Filmes 
2025-10-16T13:55:00.587Z [debug][Jellyfin Sync]: Title already exists and no new media types found Compulsion 
2025-10-16T13:55:00.672Z [debug][Jellyfin Sync]: Title already exists and no new media types found Redline 
2025-10-16T13:55:04.678Z [info][Jellyfin Sync]: Beginning to process recently added for library: Séries 
2025-10-16T13:55:04.837Z [debug][Jellyfin Sync]: Updating existing title: MobLand 
2025-10-16T13:55:08.842Z [info][Jellyfin Sync]: Recently Added Scan Complete 
2025-10-16T13:56:00.009Z [debug][Jobs]: Starting scheduled job: Download Sync 
2025-10-16T13:57:00.009Z [debug][Jobs]: Starting scheduled job: Download Sync 
2025-10-16T13:58:00.013Z [debug][Jobs]: Starting scheduled job: Download Sync 
2025-10-16T13:59:00.014Z [debug][Jobs]: Starting scheduled job: Download Sync 
2025-10-16T14:00:00.017Z [debug][Jobs]: Starting scheduled job: Download Sync 
2025-10-16T14:00:00.037Z [info][Jobs]: Starting scheduled job: Jellyfin Recently Added Scan 
2025-10-16T14:00:00.040Z [info][Jellyfin Sync]: Jellyfin Sync Starting {"sessionId":"b7d1b206-d587-4360-becf-0d9ca2a4beba"}
2025-10-16T14:00:00.065Z [info][Jellyfin Sync]: Beginning to process recently added for library: Filmes 
2025-10-16T14:00:00.207Z [debug][Jellyfin Sync]: Title already exists and no new media types found Redline 
2025-10-16T14:00:00.215Z [debug][Jellyfin Sync]: Title already exists and no new media types found Compulsion 
2025-10-16T14:00:04.218Z [info][Jellyfin Sync]: Beginning to process recently added for library: Séries 
2025-10-16T14:00:04.441Z [debug][Jellyfin Sync]: Updating existing title: MobLand 
2025-10-16T14:00:08.448Z [info][Jellyfin Sync]: Recently Added Scan Complete 
2025-10-16T14:01:00.008Z [debug][Jobs]: Starting scheduled job: Download Sync 
2025-10-16T14:02:00.009Z [debug][Jobs]: Starting scheduled job: Download Sync 
2025-10-16T14:03:00.011Z [debug][Jobs]: Starting scheduled job: Download Sync 
2025-10-16T14:04:00.026Z [debug][Jobs]: Starting scheduled job: Download Sync 
2025-10-16T14:05:00.010Z [debug][Jobs]: Starting scheduled job: Download Sync 
2025-10-16T14:05:00.019Z [info][Jobs]: Starting scheduled job: Jellyfin Recently Added Scan 
2025-10-16T14:05:00.021Z [info][Jellyfin Sync]: Jellyfin Sync Starting {"sessionId":"19e6e02f-3a85-423f-b78d-8494892d8c0f"}
2025-10-16T14:05:00.038Z [info][Jellyfin Sync]: Beginning to process recently added for library: Filmes 
2025-10-16T14:05:00.624Z [debug][Jellyfin Sync]: Title already exists and no new media types found Redline 
2025-10-16T14:05:00.630Z [debug][Jellyfin Sync]: Title already exists and no new media types found Compulsion 
2025-10-16T14:05:04.636Z [info][Jellyfin Sync]: Beginning to process recently added for library: Séries 
2025-10-16T14:05:04.812Z [debug][Jellyfin Sync]: Updating existing title: MobLand 
2025-10-16T14:05:08.817Z [info][Jellyfin Sync]: Recently Added Scan Complete 
2025-10-16T14:06:00.017Z [debug][Jobs]: Starting scheduled job: Download Sync 
2025-10-16T14:07:00.010Z [debug][Jobs]: Starting scheduled job: Download Sync 
2025-10-16T14:08:00.018Z [debug][Jobs]: Starting scheduled job: Download Sync 
2025-10-16T14:09:00.032Z [debug][Jobs]: Starting scheduled job: Download Sync 
2025-10-16T14:10:00.027Z [debug][Jobs]: Starting scheduled job: Download Sync 
2025-10-16T14:10:00.064Z [info][Jobs]: Starting scheduled job: Jellyfin Recently Added Scan 
2025-10-16T14:10:00.068Z [info][Jellyfin Sync]: Jellyfin Sync Starting {"sessionId":"4c1c9002-d563-4c5a-879d-2fd40627a755"}
2025-10-16T14:10:00.094Z [info][Jellyfin Sync]: Beginning to process recently added for library: Filmes 
2025-10-16T14:10:00.208Z [debug][Jellyfin Sync]: Title already exists and no new media types found Redline 
2025-10-16T14:10:00.219Z [debug][Jellyfin Sync]: Title already exists and no new media types found Compulsion 
2025-10-16T14:10:04.225Z [info][Jellyfin Sync]: Beginning to process recently added for library: Séries 
2025-10-16T14:10:04.504Z [debug][Jellyfin Sync]: Updating existing title: MobLand 
2025-10-16T14:10:08.509Z [info][Jellyfin Sync]: Recently Added Scan Complete 
2025-10-16T14:11:00.035Z [debug][Jobs]: Starting scheduled job: Download Sync 
2025-10-16T14:12:00.027Z [debug][Jobs]: Starting scheduled job: Download Sync 
2025-10-16T14:13:00.012Z [debug][Jobs]: Starting scheduled job: Download Sync 
2025-10-16T14:14:00.007Z [debug][Jobs]: Starting scheduled job: Download Sync 
2025-10-16T14:15:00.009Z [debug][Jobs]: Starting scheduled job: Download Sync 
2025-10-16T14:15:00.018Z [info][Jobs]: Starting scheduled job: Jellyfin Recently Added Scan 
2025-10-16T14:15:00.021Z [info][Jellyfin Sync]: Jellyfin Sync Starting {"sessionId":"9db8923f-f7ff-4d7d-a86d-3155a15d8fc5"}
2025-10-16T14:15:00.042Z [info][Jellyfin Sync]: Beginning to process recently added for library: Filmes 
2025-10-16T14:15:00.627Z [debug][Jellyfin Sync]: Title already exists and no new media types found Redline 
2025-10-16T14:15:00.695Z [debug][Jellyfin Sync]: Title already exists and no new media types found Compulsion 
2025-10-16T14:15:04.703Z [info][Jellyfin Sync]: Beginning to process recently added for library: Séries 
2025-10-16T14:15:04.838Z [debug][Jellyfin Sync]: Updating existing title: MobLand 
2025-10-16T14:15:08.844Z [info][Jellyfin Sync]: Recently Added Scan Complete 
2025-10-16T14:16:00.015Z [debug][Jobs]: Starting scheduled job: Download Sync 
2025-10-16T14:17:00.015Z [debug][Jobs]: Starting scheduled job: Download Sync 
2025-10-16T14:18:00.010Z [debug][Jobs]: Starting scheduled job: Download Sync 
2025-10-16T14:19:00.007Z [debug][Jobs]: Starting scheduled job: Download Sync 
2025-10-16T14:20:00.010Z [debug][Jobs]: Starting scheduled job: Download Sync 
2025-10-16T14:20:00.019Z [info][Jobs]: Starting scheduled job: Jellyfin Recently Added Scan 
2025-10-16T14:20:00.021Z [info][Jellyfin Sync]: Jellyfin Sync Starting {"sessionId":"907226f2-37ea-4649-9e01-8f55f82a050b"}
2025-10-16T14:20:00.037Z [info][Jellyfin Sync]: Beginning to process recently added for library: Filmes 
2025-10-16T14:20:00.122Z [debug][Jellyfin Sync]: Title already exists and no new media types found Compulsion 
2025-10-16T14:20:00.137Z [debug][Jellyfin Sync]: Title already exists and no new media types found Redline 
2025-10-16T14:20:04.144Z [info][Jellyfin Sync]: Beginning to process recently added for library: Séries 
2025-10-16T14:20:04.290Z [debug][Jellyfin Sync]: Updating existing title: MobLand 
2025-10-16T14:20:08.296Z [info][Jellyfin Sync]: Recently Added Scan Complete 
2025-10-16T14:21:00.008Z [debug][Jobs]: Starting scheduled job: Download Sync 
2025-10-16T14:22:00.012Z [debug][Jobs]: Starting scheduled job: Download Sync 
2025-10-16T14:23:00.011Z [debug][Jobs]: Starting scheduled job: Download Sync 
2025-10-16T14:24:00.008Z [debug][Jobs]: Starting scheduled job: Download Sync 
2025-10-16T14:25:00.010Z [debug][Jobs]: Starting scheduled job: Download Sync 
2025-10-16T14:25:00.018Z [info][Jobs]: Starting scheduled job: Jellyfin Recently Added Scan 
2025-10-16T14:25:00.020Z [info][Jellyfin Sync]: Jellyfin Sync Starting {"sessionId":"1d4c8fb8-9ab1-4ade-b81e-cb46d21d1719"}
2025-10-16T14:25:00.043Z [info][Jellyfin Sync]: Beginning to process recently added for library: Filmes 
2025-10-16T14:25:00.645Z [debug][Jellyfin Sync]: Title already exists and no new media types found Redline 
2025-10-16T14:25:00.649Z [debug][Jellyfin Sync]: Title already exists and no new media types found Compulsion 
2025-10-16T14:25:04.655Z [info][Jellyfin Sync]: Beginning to process recently added for library: Séries 
2025-10-16T14:25:04.823Z [debug][Jellyfin Sync]: Updating existing title: MobLand 
2025-10-16T14:25:08.829Z [info][Jellyfin Sync]: Recently Added Scan Complete 
2025-10-16T14:26:00.026Z [debug][Jobs]: Starting scheduled job: Download Sync 
2025-10-16T14:27:00.008Z [debug][Jobs]: Starting scheduled job: Download Sync 
2025-10-16T14:28:00.027Z [debug][Jobs]: Starting scheduled job: Download Sync 
2025-10-16T14:29:00.009Z [debug][Jobs]: Starting scheduled job: Download Sync 
2025-10-16T14:30:00.028Z [debug][Jobs]: Starting scheduled job: Download Sync 
2025-10-16T14:30:00.055Z [info][Jobs]: Starting scheduled job: Jellyfin Recently Added Scan 
2025-10-16T14:30:00.058Z [info][Jellyfin Sync]: Jellyfin Sync Starting {"sessionId":"d41dda36-8617-42c0-a789-c25b4bf4390d"}
2025-10-16T14:30:00.090Z [info][Jellyfin Sync]: Beginning to process recently added for library: Filmes 
2025-10-16T14:30:00.264Z [debug][Jellyfin Sync]: Title already exists and no new media types found Redline 
2025-10-16T14:30:00.268Z [debug][Jellyfin Sync]: Title already exists and no new media types found Compulsion 
2025-10-16T14:30:04.275Z [info][Jellyfin Sync]: Beginning to process recently added for library: Séries 
2025-10-16T14:30:04.514Z [debug][Jellyfin Sync]: Updating existing title: MobLand 
2025-10-16T14:30:08.520Z [info][Jellyfin Sync]: Recently Added Scan Complete 
2025-10-16T14:31:00.008Z [debug][Jobs]: Starting scheduled job: Download Sync 
2025-10-16T14:32:00.007Z [debug][Jobs]: Starting scheduled job: Download Sync 
2025-10-16T14:33:00.025Z [debug][Jobs]: Starting scheduled job: Download Sync 
2025-10-16T14:34:00.007Z [debug][Jobs]: Starting scheduled job: Download Sync 
2025-10-16T14:35:00.009Z [debug][Jobs]: Starting scheduled job: Download Sync 
2025-10-16T14:35:00.018Z [info][Jobs]: Starting scheduled job: Jellyfin Recently Added Scan 
2025-10-16T14:35:00.020Z [info][Jellyfin Sync]: Jellyfin Sync Starting {"sessionId":"0e18230a-ed2c-47e8-98b2-e95ac2436ea5"}
2025-10-16T14:35:00.038Z [info][Jellyfin Sync]: Beginning to process recently added for library: Filmes 
2025-10-16T14:35:00.747Z [debug][Jellyfin Sync]: Title already exists and no new media types found Compulsion 
2025-10-16T14:35:00.828Z [debug][Jellyfin Sync]: Title already exists and no new media types found Redline 
2025-10-16T14:35:04.835Z [info][Jellyfin Sync]: Beginning to process recently added for library: Séries 
2025-10-16T14:35:04.967Z [debug][Jellyfin Sync]: Updating existing title: MobLand 
2025-10-16T14:35:08.972Z [info][Jellyfin Sync]: Recently Added Scan Complete 
2025-10-16T14:36:00.012Z [debug][Jobs]: Starting scheduled job: Download Sync 
2025-10-16T14:37:00.007Z [debug][Jobs]: Starting scheduled job: Download Sync 
2025-10-16T14:38:00.010Z [debug][Jobs]: Starting scheduled job: Download Sync 
2025-10-16T14:39:00.007Z [debug][Jobs]: Starting scheduled job: Download Sync 
2025-10-16T14:40:00.008Z [debug][Jobs]: Starting scheduled job: Download Sync 
2025-10-16T14:40:00.020Z [info][Jobs]: Starting scheduled job: Jellyfin Recently Added Scan 
2025-10-16T14:40:00.024Z [info][Jellyfin Sync]: Jellyfin Sync Starting {"sessionId":"8938f8f4-cbca-4af0-8491-2e9d6b1da7c8"}
2025-10-16T14:40:00.043Z [info][Jellyfin Sync]: Beginning to process recently added for library: Filmes 
2025-10-16T14:40:00.169Z [debug][Jellyfin Sync]: Title already exists and no new media types found Redline 
2025-10-16T14:40:00.176Z [debug][Jellyfin Sync]: Title already exists and no new media types found Compulsion 
2025-10-16T14:40:04.185Z [info][Jellyfin Sync]: Beginning to process recently added for library: Séries 
2025-10-16T14:40:04.318Z [debug][Jellyfin Sync]: Updating existing title: MobLand 
2025-10-16T14:40:08.324Z [info][Jellyfin Sync]: Recently Added Scan Complete 
2025-10-16T14:41:00.006Z [debug][Jobs]: Starting scheduled job: Download Sync 
2025-10-16T14:42:00.011Z [debug][Jobs]: Starting scheduled job: Download Sync 
2025-10-16T14:43:00.007Z [debug][Jobs]: Starting scheduled job: Download Sync 
2025-10-16T14:44:00.007Z [debug][Jobs]: Starting scheduled job: Download Sync 
2025-10-16T14:45:00.022Z [debug][Jobs]: Starting scheduled job: Download Sync 
2025-10-16T14:45:00.046Z [info][Jobs]: Starting scheduled job: Jellyfin Recently Added Scan 
2025-10-16T14:45:00.049Z [info][Jellyfin Sync]: Jellyfin Sync Starting {"sessionId":"d5411290-ea8d-4393-91fb-f056be2c8c77"}
2025-10-16T14:45:00.067Z [info][Jellyfin Sync]: Beginning to process recently added for library: Filmes 
2025-10-16T14:45:00.631Z [debug][Jellyfin Sync]: Title already exists and no new media types found Redline 
2025-10-16T14:45:00.808Z [debug][Jellyfin Sync]: Title already exists and no new media types found Compulsion 
2025-10-16T14:45:04.814Z [info][Jellyfin Sync]: Beginning to process recently added for library: Séries 
2025-10-16T14:45:04.953Z [debug][Jellyfin Sync]: Updating existing title: MobLand 
2025-10-16T14:45:08.959Z [info][Jellyfin Sync]: Recently Added Scan Complete 
2025-10-16T14:46:00.007Z [debug][Jobs]: Starting scheduled job: Download Sync 
2025-10-16T14:47:00.008Z [debug][Jobs]: Starting scheduled job: Download Sync 
2025-10-16T14:48:00.010Z [debug][Jobs]: Starting scheduled job: Download Sync 
2025-10-16T14:49:00.008Z [debug][Jobs]: Starting scheduled job: Download Sync 
2025-10-16T14:50:00.007Z [debug][Jobs]: Starting scheduled job: Download Sync 
2025-10-16T14:50:00.015Z [info][Jobs]: Starting scheduled job: Jellyfin Recently Added Scan 
2025-10-16T14:50:00.017Z [info][Jellyfin Sync]: Jellyfin Sync Starting {"sessionId":"a48d8778-7ede-43ca-a4de-57ec222939af"}
2025-10-16T14:50:00.034Z [info][Jellyfin Sync]: Beginning to process recently added for library: Filmes 
2025-10-16T14:50:00.118Z [debug][Jellyfin Sync]: Title already exists and no new media types found Redline 
2025-10-16T14:50:00.131Z [debug][Jellyfin Sync]: Title already exists and no new media types found Compulsion 
2025-10-16T14:50:04.138Z [info][Jellyfin Sync]: Beginning to process recently added for library: Séries 
2025-10-16T14:50:04.277Z [debug][Jellyfin Sync]: Updating existing title: MobLand 
2025-10-16T14:50:08.283Z [info][Jellyfin Sync]: Recently Added Scan Complete 
2025-10-16T14:51:00.009Z [debug][Jobs]: Starting scheduled job: Download Sync 
2025-10-16T14:52:00.011Z [debug][Jobs]: Starting scheduled job: Download Sync 
2025-10-16T14:53:00.007Z [debug][Jobs]: Starting scheduled job: Download Sync 
2025-10-16T14:54:00.006Z [debug][Jobs]: Starting scheduled job: Download Sync 
2025-10-16T14:55:00.010Z [debug][Jobs]: Starting scheduled job: Download Sync 
2025-10-16T14:55:00.024Z [info][Jobs]: Starting scheduled job: Jellyfin Recently Added Scan 
2025-10-16T14:55:00.027Z [info][Jellyfin Sync]: Jellyfin Sync Starting {"sessionId":"edb8c684-46e8-4712-9481-45eebc770c1e"}
2025-10-16T14:55:00.060Z [info][Jellyfin Sync]: Beginning to process recently added for library: Filmes 
2025-10-16T14:55:00.751Z [debug][Jellyfin Sync]: Title already exists and no new media types found Compulsion 
2025-10-16T14:55:00.765Z [debug][Jellyfin Sync]: Title already exists and no new media types found Redline 
2025-10-16T14:55:04.769Z [info][Jellyfin Sync]: Beginning to process recently added for library: Séries 
2025-10-16T14:55:05.020Z [debug][Jellyfin Sync]: Updating existing title: MobLand 
2025-10-16T14:55:09.028Z [info][Jellyfin Sync]: Recently Added Scan Complete 
2025-10-16T14:56:00.008Z [debug][Jobs]: Starting scheduled job: Download Sync 
2025-10-16T14:57:00.007Z [debug][Jobs]: Starting scheduled job: Download Sync 
2025-10-16T14:58:00.009Z [debug][Jobs]: Starting scheduled job: Download Sync 
2025-10-16T14:59:00.007Z [debug][Jobs]: Starting scheduled job: Download Sync 
2025-10-16T15:00:00.009Z [debug][Jobs]: Starting scheduled job: Download Sync 
2025-10-16T15:00:00.018Z [info][Jobs]: Starting scheduled job: Jellyfin Recently Added Scan 
2025-10-16T15:00:00.019Z [info][Jellyfin Sync]: Jellyfin Sync Starting {"sessionId":"e4fdaa3c-510f-4ce8-a832-15c8cdef06d2"}
2025-10-16T15:00:00.035Z [info][Jellyfin Sync]: Beginning to process recently added for library: Filmes 
2025-10-16T15:00:00.161Z [debug][Jellyfin Sync]: Title already exists and no new media types found Compulsion 
2025-10-16T15:00:00.166Z [debug][Jellyfin Sync]: Title already exists and no new media types found Redline 
2025-10-16T15:00:04.172Z [info][Jellyfin Sync]: Beginning to process recently added for library: Séries 
2025-10-16T15:00:04.305Z [debug][Jellyfin Sync]: Updating existing title: MobLand 
2025-10-16T15:00:08.311Z [info][Jellyfin Sync]: Recently Added Scan Complete 
2025-10-16T15:01:00.010Z [debug][Jobs]: Starting scheduled job: Download Sync 
2025-10-16T15:02:00.022Z [debug][Jobs]: Starting scheduled job: Download Sync 
2025-10-16T15:03:00.006Z [debug][Jobs]: Starting scheduled job: Download Sync 
2025-10-16T15:04:00.023Z [debug][Jobs]: Starting scheduled job: Download Sync 
2025-10-16T15:05:00.006Z [debug][Jobs]: Starting scheduled job: Download Sync 
2025-10-16T15:05:00.016Z [info][Jobs]: Starting scheduled job: Jellyfin Recently Added Scan 
2025-10-16T15:05:00.017Z [info][Jellyfin Sync]: Jellyfin Sync Starting {"sessionId":"bf1b47f6-7adc-42dc-8371-e0d47a81446a"}
2025-10-16T15:05:00.031Z [info][Jellyfin Sync]: Beginning to process recently added for library: Filmes 
2025-10-16T15:05:00.562Z [debug][Jellyfin Sync]: Title already exists and no new media types found Redline 
2025-10-16T15:05:00.565Z [debug][Jellyfin Sync]: Title already exists and no new media types found Compulsion 
2025-10-16T15:05:04.570Z [info][Jellyfin Sync]: Beginning to process recently added for library: Séries 
2025-10-16T15:05:04.704Z [debug][Jellyfin Sync]: Updating existing title: MobLand 
2025-10-16T15:05:08.708Z [info][Jellyfin Sync]: Recently Added Scan Complete 
2025-10-16T15:06:00.039Z [debug][Jobs]: Starting scheduled job: Download Sync 
2025-10-16T15:07:00.006Z [debug][Jobs]: Starting scheduled job: Download Sync 
2025-10-16T15:08:00.007Z [debug][Jobs]: Starting scheduled job: Download Sync 
2025-10-16T15:09:00.008Z [debug][Jobs]: Starting scheduled job: Download Sync 
2025-10-16T15:10:00.006Z [debug][Jobs]: Starting scheduled job: Download Sync 
2025-10-16T15:10:00.016Z [info][Jobs]: Starting scheduled job: Jellyfin Recently Added Scan 
2025-10-16T15:10:00.018Z [info][Jellyfin Sync]: Jellyfin Sync Starting {"sessionId":"2a257a85-2f81-4073-884e-c9c13396ada7"}
2025-10-16T15:10:00.036Z [info][Jellyfin Sync]: Beginning to process recently added for library: Filmes 
2025-10-16T15:10:00.125Z [debug][Jellyfin Sync]: Title already exists and no new media types found Redline 
2025-10-16T15:10:00.142Z [debug][Jellyfin Sync]: Title already exists and no new media types found Compulsion 
2025-10-16T15:10:04.148Z [info][Jellyfin Sync]: Beginning to process recently added for library: Séries 
2025-10-16T15:10:04.289Z [debug][Jellyfin Sync]: Updating existing title: MobLand 
2025-10-16T15:10:08.294Z [info][Jellyfin Sync]: Recently Added Scan Complete 
2025-10-16T15:11:00.007Z [debug][Jobs]: Starting scheduled job: Download Sync 
2025-10-16T15:12:00.007Z [debug][Jobs]: Starting scheduled job: Download Sync 
2025-10-16T15:13:00.017Z [debug][Jobs]: Starting scheduled job: Download Sync 
2025-10-16T15:14:00.006Z [debug][Jobs]: Starting scheduled job: Download Sync 
2025-10-16T15:15:00.008Z [debug][Jobs]: Starting scheduled job: Download Sync 
2025-10-16T15:15:00.017Z [info][Jobs]: Starting scheduled job: Jellyfin Recently Added Scan 
2025-10-16T15:15:00.019Z [info][Jellyfin Sync]: Jellyfin Sync Starting {"sessionId":"b89626c3-f730-4d41-ade7-885542bbf558"}
2025-10-16T15:15:00.036Z [info][Jellyfin Sync]: Beginning to process recently added for library: Filmes 
2025-10-16T15:15:00.570Z [debug][Jellyfin Sync]: Title already exists and no new media types found Redline 
2025-10-16T15:15:00.575Z [debug][Jellyfin Sync]: Title already exists and no new media types found Compulsion 
2025-10-16T15:15:04.579Z [info][Jellyfin Sync]: Beginning to process recently added for library: Séries 
2025-10-16T15:15:04.782Z [debug][Jellyfin Sync]: Updating existing title: MobLand 
2025-10-16T15:15:08.788Z [info][Jellyfin Sync]: Recently Added Scan Complete 
2025-10-16T15:16:00.010Z [debug][Jobs]: Starting scheduled job: Download Sync 
2025-10-16T15:17:00.006Z [debug][Jobs]: Starting scheduled job: Download Sync 
2025-10-16T15:18:00.012Z [debug][Jobs]: Starting scheduled job: Download Sync 
2025-10-16T15:19:00.006Z [debug][Jobs]: Starting scheduled job: Download Sync 
2025-10-16T15:20:00.036Z [debug][Jobs]: Starting scheduled job: Download Sync 
2025-10-16T15:20:00.054Z [info][Jobs]: Starting scheduled job: Jellyfin Recently Added Scan 
2025-10-16T15:20:00.057Z [info][Jellyfin Sync]: Jellyfin Sync Starting {"sessionId":"66b08e56-7ea0-48ee-9602-baf2839b5132"}
2025-10-16T15:20:00.085Z [info][Jellyfin Sync]: Beginning to process recently added for library: Filmes 
2025-10-16T15:20:00.214Z [debug][Jellyfin Sync]: Title already exists and no new media types found Compulsion 
2025-10-16T15:20:00.218Z [debug][Jellyfin Sync]: Title already exists and no new media types found Redline 
2025-10-16T15:20:04.225Z [info][Jellyfin Sync]: Beginning to process recently added for library: Séries 
2025-10-16T15:20:04.413Z [debug][Jellyfin Sync]: Updating existing title: MobLand 
2025-10-16T15:20:08.419Z [info][Jellyfin Sync]: Recently Added Scan Complete 
2025-10-16T15:21:00.028Z [debug][Jobs]: Starting scheduled job: Download Sync 
2025-10-16T15:22:00.035Z [debug][Jobs]: Starting scheduled job: Download Sync 
2025-10-16T15:23:00.034Z [debug][Jobs]: Starting scheduled job: Download Sync 
2025-10-16T15:24:00.041Z [debug][Jobs]: Starting scheduled job: Download Sync 
2025-10-16T15:25:00.024Z [debug][Jobs]: Starting scheduled job: Download Sync 
2025-10-16T15:25:00.061Z [info][Jobs]: Starting scheduled job: Jellyfin Recently Added Scan 
2025-10-16T15:25:00.063Z [info][Jellyfin Sync]: Jellyfin Sync Starting {"sessionId":"fa838b69-663b-4e5f-a795-a4360efd0ec4"}
2025-10-16T15:25:00.079Z [info][Jellyfin Sync]: Beginning to process recently added for library: Filmes 
2025-10-16T15:25:00.683Z [debug][Jellyfin Sync]: Title already exists and no new media types found Redline 
2025-10-16T15:25:00.693Z [debug][Jellyfin Sync]: Title already exists and no new media types found Compulsion 
2025-10-16T15:25:04.699Z [info][Jellyfin Sync]: Beginning to process recently added for library: Séries 
2025-10-16T15:25:04.831Z [debug][Jellyfin Sync]: Updating existing title: MobLand 
2025-10-16T15:25:08.837Z [info][Jellyfin Sync]: Recently Added Scan Complete 
2025-10-16T15:26:00.022Z [debug][Jobs]: Starting scheduled job: Download Sync 
2025-10-16T15:27:00.026Z [debug][Jobs]: Starting scheduled job: Download Sync 
2025-10-16T15:28:00.025Z [debug][Jobs]: Starting scheduled job: Download Sync 
2025-10-16T15:29:00.019Z [debug][Jobs]: Starting scheduled job: Download Sync 
2025-10-16T15:30:00.027Z [debug][Jobs]: Starting scheduled job: Download Sync 
2025-10-16T15:30:00.034Z [info][Jobs]: Starting scheduled job: Jellyfin Recently Added Scan 
2025-10-16T15:30:00.036Z [info][Jellyfin Sync]: Jellyfin Sync Starting {"sessionId":"446fba1d-2a44-41e4-9f77-6e0dc48e904e"}
2025-10-16T15:30:00.054Z [info][Jellyfin Sync]: Beginning to process recently added for library: Filmes 
2025-10-16T15:30:00.238Z [debug][Jellyfin Sync]: Title already exists and no new media types found Redline 
2025-10-16T15:30:00.246Z [debug][Jellyfin Sync]: Title already exists and no new media types found Compulsion 
2025-10-16T15:30:04.253Z [info][Jellyfin Sync]: Beginning to process recently added for library: Séries 
2025-10-16T15:30:04.391Z [debug][Jellyfin Sync]: Updating existing title: MobLand 
2025-10-16T15:30:08.398Z [info][Jellyfin Sync]: Recently Added Scan Complete 
2025-10-16T15:31:00.030Z [debug][Jobs]: Starting scheduled job: Download Sync 
2025-10-16T15:32:00.043Z [debug][Jobs]: Starting scheduled job: Download Sync 
2025-10-16T15:33:00.022Z [debug][Jobs]: Starting scheduled job: Download Sync 
2025-10-16T15:34:00.026Z [debug][Jobs]: Starting scheduled job: Download Sync 
2025-10-16T15:35:00.027Z [debug][Jobs]: Starting scheduled job: Download Sync 
2025-10-16T15:35:00.035Z [info][Jobs]: Starting scheduled job: Jellyfin Recently Added Scan 
2025-10-16T15:35:00.037Z [info][Jellyfin Sync]: Jellyfin Sync Starting {"sessionId":"4cb0f0b6-ce2e-4cda-ba7c-0b09c26d846c"}
2025-10-16T15:35:00.053Z [info][Jellyfin Sync]: Beginning to process recently added for library: Filmes 
2025-10-16T15:35:00.529Z [debug][Jellyfin Sync]: Title already exists and no new media types found Redline 
2025-10-16T15:35:00.578Z [debug][Jellyfin Sync]: Title already exists and no new media types found Compulsion 
2025-10-16T15:35:04.585Z [info][Jellyfin Sync]: Beginning to process recently added for library: Séries 
2025-10-16T15:35:04.712Z [debug][Jellyfin Sync]: Updating existing title: MobLand 
2025-10-16T15:35:08.716Z [info][Jellyfin Sync]: Recently Added Scan Complete 
2025-10-16T15:36:00.010Z [debug][Jobs]: Starting scheduled job: Download Sync 
2025-10-16T15:37:00.025Z [debug][Jobs]: Starting scheduled job: Download Sync 
2025-10-16T15:38:00.034Z [debug][Jobs]: Starting scheduled job: Download Sync 
2025-10-16T15:39:00.014Z [debug][Jobs]: Starting scheduled job: Download Sync 
2025-10-16T15:40:00.023Z [debug][Jobs]: Starting scheduled job: Download Sync 
2025-10-16T15:40:00.032Z [info][Jobs]: Starting scheduled job: Jellyfin Recently Added Scan 
2025-10-16T15:40:00.034Z [info][Jellyfin Sync]: Jellyfin Sync Starting {"sessionId":"24c2fb75-9f53-4d29-b7f6-2d3daaa51ef7"}
2025-10-16T15:40:00.055Z [info][Jellyfin Sync]: Beginning to process recently added for library: Filmes 
2025-10-16T15:40:00.161Z [debug][Jellyfin Sync]: Title already exists and no new media types found Redline 
2025-10-16T15:40:00.181Z [debug][Jellyfin Sync]: Title already exists and no new media types found Compulsion 
2025-10-16T15:40:04.185Z [info][Jellyfin Sync]: Beginning to process recently added for library: Séries 
2025-10-16T15:40:04.350Z [debug][Jellyfin Sync]: Updating existing title: MobLand 
2025-10-16T15:40:08.356Z [info][Jellyfin Sync]: Recently Added Scan Complete 
2025-10-16T15:41:00.030Z [debug][Jobs]: Starting scheduled job: Download Sync 
2025-10-16T15:42:00.015Z [debug][Jobs]: Starting scheduled job: Download Sync 
2025-10-16T15:43:00.015Z [debug][Jobs]: Starting scheduled job: Download Sync 
2025-10-16T15:44:00.027Z [debug][Jobs]: Starting scheduled job: Download Sync 
2025-10-16T15:45:00.022Z [debug][Jobs]: Starting scheduled job: Download Sync 
2025-10-16T15:45:00.032Z [info][Jobs]: Starting scheduled job: Jellyfin Recently Added Scan 
2025-10-16T15:45:00.035Z [info][Jellyfin Sync]: Jellyfin Sync Starting {"sessionId":"c13b1030-6f8a-41ac-9072-eedb0d1bd2d1"}
2025-10-16T15:45:00.050Z [info][Jellyfin Sync]: Beginning to process recently added for library: Filmes 
2025-10-16T15:45:00.590Z [debug][Jellyfin Sync]: Title already exists and no new media types found Compulsion 
2025-10-16T15:45:00.676Z [debug][Jellyfin Sync]: Title already exists and no new media types found Redline 
2025-10-16T15:45:04.682Z [info][Jellyfin Sync]: Beginning to process recently added for library: Séries 
2025-10-16T15:45:04.822Z [debug][Jellyfin Sync]: Updating existing title: MobLand 
2025-10-16T15:45:08.828Z [info][Jellyfin Sync]: Recently Added Scan Complete 
2025-10-16T15:46:00.031Z [debug][Jobs]: Starting scheduled job: Download Sync 
2025-10-16T15:47:00.022Z [debug][Jobs]: Starting scheduled job: Download Sync 
2025-10-16T15:48:00.025Z [debug][Jobs]: Starting scheduled job: Download Sync 
2025-10-16T15:49:00.025Z [debug][Jobs]: Starting scheduled job: Download Sync 
2025-10-16T15:50:00.022Z [debug][Jobs]: Starting scheduled job: Download Sync 
2025-10-16T15:50:00.031Z [info][Jobs]: Starting scheduled job: Jellyfin Recently Added Scan 
2025-10-16T15:50:00.033Z [info][Jellyfin Sync]: Jellyfin Sync Starting {"sessionId":"558e9f37-9f24-4b80-9d78-8e1c11173a84"}
2025-10-16T15:50:00.047Z [info][Jellyfin Sync]: Beginning to process recently added for library: Filmes 
2025-10-16T15:50:00.147Z [debug][Jellyfin Sync]: Title already exists and no new media types found Compulsion 
2025-10-16T15:50:00.158Z [debug][Jellyfin Sync]: Title already exists and no new media types found Redline 
2025-10-16T15:50:04.164Z [info][Jellyfin Sync]: Beginning to process recently added for library: Séries 
2025-10-16T15:50:04.319Z [debug][Jellyfin Sync]: Updating existing title: MobLand 
2025-10-16T15:50:08.325Z [info][Jellyfin Sync]: Recently Added Scan Complete 
2025-10-16T15:51:00.030Z [debug][Jobs]: Starting scheduled job: Download Sync 
2025-10-16T15:52:00.026Z [debug][Jobs]: Starting scheduled job: Download Sync 
2025-10-16T15:53:00.014Z [debug][Jobs]: Starting scheduled job: Download Sync 
2025-10-16T15:54:00.022Z [debug][Jobs]: Starting scheduled job: Download Sync 
2025-10-16T15:55:00.012Z [debug][Jobs]: Starting scheduled job: Download Sync 
2025-10-16T15:55:00.021Z [info][Jobs]: Starting scheduled job: Jellyfin Recently Added Scan 
2025-10-16T15:55:00.023Z [info][Jellyfin Sync]: Jellyfin Sync Starting {"sessionId":"5a6e734e-7a56-4a68-9f70-b4615d8a5652"}
2025-10-16T15:55:00.043Z [info][Jellyfin Sync]: Beginning to process recently added for library: Filmes 
2025-10-16T15:55:00.616Z [debug][Jellyfin Sync]: Title already exists and no new media types found Compulsion 
2025-10-16T15:55:00.764Z [debug][Jellyfin Sync]: Title already exists and no new media types found Redline 
2025-10-16T15:55:04.770Z [info][Jellyfin Sync]: Beginning to process recently added for library: Séries 
2025-10-16T15:55:04.910Z [debug][Jellyfin Sync]: Updating existing title: MobLand 
2025-10-16T15:55:08.916Z [info][Jellyfin Sync]: Recently Added Scan Complete 
2025-10-16T15:56:00.030Z [debug][Jobs]: Starting scheduled job: Download Sync 
2025-10-16T15:57:00.026Z [debug][Jobs]: Starting scheduled job: Download Sync 
2025-10-16T15:58:00.023Z [debug][Jobs]: Starting scheduled job: Download Sync 
2025-10-16T15:59:00.025Z [debug][Jobs]: Starting scheduled job: Download Sync 
2025-10-16T16:00:00.010Z [debug][Jobs]: Starting scheduled job: Download Sync 
2025-10-16T16:00:00.024Z [info][Jobs]: Starting scheduled job: Jellyfin Recently Added Scan 
2025-10-16T16:00:00.026Z [info][Jellyfin Sync]: Jellyfin Sync Starting {"sessionId":"69de13be-0e0a-421c-b159-a4a5f94540f2"}
2025-10-16T16:00:00.062Z [info][Jellyfin Sync]: Beginning to process recently added for library: Filmes 
2025-10-16T16:00:00.187Z [debug][Jellyfin Sync]: Title already exists and no new media types found Redline 
2025-10-16T16:00:00.212Z [debug][Jellyfin Sync]: Title already exists and no new media types found Compulsion 
2025-10-16T16:00:04.216Z [info][Jellyfin Sync]: Beginning to process recently added for library: Séries 
2025-10-16T16:00:04.415Z [debug][Jellyfin Sync]: Updating existing title: MobLand 
2025-10-16T16:00:08.423Z [info][Jellyfin Sync]: Recently Added Scan Complete 
2025-10-16T16:01:00.022Z [debug][Jobs]: Starting scheduled job: Download Sync 
2025-10-16T16:02:00.030Z [debug][Jobs]: Starting scheduled job: Download Sync 
2025-10-16T16:03:00.036Z [debug][Jobs]: Starting scheduled job: Download Sync 
2025-10-16T16:04:00.039Z [debug][Jobs]: Starting scheduled job: Download Sync 
2025-10-16T16:05:00.046Z [debug][Jobs]: Starting scheduled job: Download Sync 
2025-10-16T16:05:00.077Z [info][Jobs]: Starting scheduled job: Jellyfin Recently Added Scan 
2025-10-16T16:05:00.081Z [info][Jellyfin Sync]: Jellyfin Sync Starting {"sessionId":"608fbe54-3a44-4c79-b6ac-c9795d38eadd"}
2025-10-16T16:05:00.131Z [info][Jellyfin Sync]: Beginning to process recently added for library: Filmes 
2025-10-16T16:05:00.644Z [debug][Jellyfin Sync]: Title already exists and no new media types found Redline 
2025-10-16T16:05:00.651Z [debug][Jellyfin Sync]: Title already exists and no new media types found Compulsion 
2025-10-16T16:05:04.657Z [info][Jellyfin Sync]: Beginning to process recently added for library: Séries 
2025-10-16T16:05:04.857Z [debug][Jellyfin Sync]: Updating existing title: MobLand 
2025-10-16T16:05:08.861Z [info][Jellyfin Sync]: Recently Added Scan Complete 
2025-10-16T16:06:00.025Z [debug][Jobs]: Starting scheduled job: Download Sync 
2025-10-16T16:07:00.022Z [debug][Jobs]: Starting scheduled job: Download Sync 
2025-10-16T16:08:00.022Z [debug][Jobs]: Starting scheduled job: Download Sync 
2025-10-16T16:09:00.023Z [debug][Jobs]: Starting scheduled job: Download Sync 
2025-10-16T16:10:00.038Z [debug][Jobs]: Starting scheduled job: Download Sync 
2025-10-16T16:10:00.060Z [info][Jobs]: Starting scheduled job: Jellyfin Recently Added Scan 
2025-10-16T16:10:00.064Z [info][Jellyfin Sync]: Jellyfin Sync Starting {"sessionId":"65954420-7285-4030-b9a8-edbaaa6c22b9"}
2025-10-16T16:10:00.099Z [info][Jellyfin Sync]: Beginning to process recently added for library: Filmes 
2025-10-16T16:10:00.273Z [debug][Jellyfin Sync]: Title already exists and no new media types found Compulsion 
2025-10-16T16:10:00.277Z [debug][Jellyfin Sync]: Title already exists and no new media types found Redline 
2025-10-16T16:10:04.282Z [info][Jellyfin Sync]: Beginning to process recently added for library: Séries 
2025-10-16T16:10:04.439Z [debug][Jellyfin Sync]: Updating existing title: MobLand 
2025-10-16T16:10:08.445Z [info][Jellyfin Sync]: Recently Added Scan Complete 
2025-10-16T16:11:00.029Z [debug][Jobs]: Starting scheduled job: Download Sync 
2025-10-16T16:12:00.024Z [debug][Jobs]: Starting scheduled job: Download Sync 
2025-10-16T16:13:00.027Z [debug][Jobs]: Starting scheduled job: Download Sync 
2025-10-16T16:14:00.044Z [debug][Jobs]: Starting scheduled job: Download Sync 
2025-10-16T16:15:00.037Z [debug][Jobs]: Starting scheduled job: Download Sync 
2025-10-16T16:15:00.063Z [info][Jobs]: Starting scheduled job: Jellyfin Recently Added Scan 
2025-10-16T16:15:00.067Z [info][Jellyfin Sync]: Jellyfin Sync Starting {"sessionId":"9db17139-331d-4743-a683-2e97f56e865a"}
2025-10-16T16:15:00.094Z [info][Jellyfin Sync]: Beginning to process recently added for library: Filmes 
2025-10-16T16:15:00.639Z [debug][Jellyfin Sync]: Title already exists and no new media types found Redline 
2025-10-16T16:15:00.642Z [debug][Jellyfin Sync]: Title already exists and no new media types found Compulsion 
2025-10-16T16:15:04.649Z [info][Jellyfin Sync]: Beginning to process recently added for library: Séries 
2025-10-16T16:15:04.870Z [debug][Jellyfin Sync]: Updating existing title: MobLand 
2025-10-16T16:15:08.872Z [info][Jellyfin Sync]: Recently Added Scan Complete 
2025-10-16T16:16:00.014Z [debug][Jobs]: Starting scheduled job: Download Sync 
2025-10-16T16:17:00.023Z [debug][Jobs]: Starting scheduled job: Download Sync 
2025-10-16T16:18:00.009Z [debug][Jobs]: Starting scheduled job: Download Sync 
2025-10-16T16:19:00.019Z [debug][Jobs]: Starting scheduled job: Download Sync 
2025-10-16T16:20:00.022Z [debug][Jobs]: Starting scheduled job: Download Sync 
2025-10-16T16:20:00.032Z [info][Jobs]: Starting scheduled job: Jellyfin Recently Added Scan 
2025-10-16T16:20:00.035Z [info][Jellyfin Sync]: Jellyfin Sync Starting {"sessionId":"2df348dc-7734-4c85-b40b-e4713c83b812"}
2025-10-16T16:20:00.061Z [info][Jellyfin Sync]: Beginning to process recently added for library: Filmes 
2025-10-16T16:20:00.161Z [debug][Jellyfin Sync]: Title already exists and no new media types found Redline 
2025-10-16T16:20:00.166Z [debug][Jellyfin Sync]: Title already exists and no new media types found Compulsion 
2025-10-16T16:20:04.172Z [info][Jellyfin Sync]: Beginning to process recently added for library: Séries 
2025-10-16T16:20:04.310Z [debug][Jellyfin Sync]: Updating existing title: MobLand 
2025-10-16T16:20:08.316Z [info][Jellyfin Sync]: Recently Added Scan Complete 
2025-10-16T16:21:00.037Z [debug][Jobs]: Starting scheduled job: Download Sync 
2025-10-16T16:22:00.020Z [debug][Jobs]: Starting scheduled job: Download Sync 
2025-10-16T16:23:00.041Z [debug][Jobs]: Starting scheduled job: Download Sync 
2025-10-16T16:24:00.025Z [debug][Jobs]: Starting scheduled job: Download Sync 
2025-10-16T16:25:00.026Z [debug][Jobs]: Starting scheduled job: Download Sync 
2025-10-16T16:25:00.033Z [info][Jobs]: Starting scheduled job: Jellyfin Recently Added Scan 
2025-10-16T16:25:00.035Z [info][Jellyfin Sync]: Jellyfin Sync Starting {"sessionId":"0201b0c4-dd82-4693-b842-42b34f0a0455"}
2025-10-16T16:25:00.048Z [info][Jellyfin Sync]: Beginning to process recently added for library: Filmes 
2025-10-16T16:25:00.778Z [debug][Jellyfin Sync]: Title already exists and no new media types found Compulsion 
2025-10-16T16:25:00.942Z [debug][Jellyfin Sync]: Title already exists and no new media types found Redline 
2025-10-16T16:25:04.949Z [info][Jellyfin Sync]: Beginning to process recently added for library: Séries 
2025-10-16T16:25:05.183Z [debug][Jellyfin Sync]: Updating existing title: MobLand 
2025-10-16T16:25:09.188Z [info][Jellyfin Sync]: Recently Added Scan Complete 
2025-10-16T16:26:00.038Z [debug][Jobs]: Starting scheduled job: Download Sync 
2025-10-16T16:27:00.009Z [debug][Jobs]: Starting scheduled job: Download Sync 
2025-10-16T16:28:00.036Z [debug][Jobs]: Starting scheduled job: Download Sync 
2025-10-16T16:29:00.026Z [debug][Jobs]: Starting scheduled job: Download Sync 
2025-10-16T16:30:00.040Z [debug][Jobs]: Starting scheduled job: Download Sync 
2025-10-16T16:30:00.065Z [info][Jobs]: Starting scheduled job: Jellyfin Recently Added Scan 
2025-10-16T16:30:00.068Z [info][Jellyfin Sync]: Jellyfin Sync Starting {"sessionId":"79a773fa-90ae-4679-bc1c-9b0764042a39"}
2025-10-16T16:30:00.114Z [info][Jellyfin Sync]: Beginning to process recently added for library: Filmes 
2025-10-16T16:30:00.258Z [debug][Jellyfin Sync]: Title already exists and no new media types found Redline 
2025-10-16T16:30:00.261Z [debug][Jellyfin Sync]: Title already exists and no new media types found Compulsion 
2025-10-16T16:30:04.267Z [info][Jellyfin Sync]: Beginning to process recently added for library: Séries 
2025-10-16T16:30:04.467Z [debug][Jellyfin Sync]: Updating existing title: MobLand 
2025-10-16T16:30:08.472Z [info][Jellyfin Sync]: Recently Added Scan Complete 
2025-10-16T16:31:00.045Z [debug][Jobs]: Starting scheduled job: Download Sync 
2025-10-16T16:32:00.028Z [debug][Jobs]: Starting scheduled job: Download Sync 
2025-10-16T16:33:00.025Z [debug][Jobs]: Starting scheduled job: Download Sync 
2025-10-16T16:34:00.027Z [debug][Jobs]: Starting scheduled job: Download Sync 
2025-10-16T16:35:00.031Z [debug][Jobs]: Starting scheduled job: Download Sync 
2025-10-16T16:35:00.055Z [info][Jobs]: Starting scheduled job: Jellyfin Recently Added Scan 
2025-10-16T16:35:00.059Z [info][Jellyfin Sync]: Jellyfin Sync Starting {"sessionId":"07a270d9-e3e8-4787-94a9-5ae53afaf1ec"}
2025-10-16T16:35:00.093Z [info][Jellyfin Sync]: Beginning to process recently added for library: Filmes 
2025-10-16T16:35:00.628Z [debug][Jellyfin Sync]: Title already exists and no new media types found Redline 
2025-10-16T16:35:00.634Z [debug][Jellyfin Sync]: Title already exists and no new media types found Compulsion 
2025-10-16T16:35:04.640Z [info][Jellyfin Sync]: Beginning to process recently added for library: Séries 
2025-10-16T16:35:04.873Z [debug][Jellyfin Sync]: Updating existing title: MobLand 
2025-10-16T16:35:08.878Z [info][Jellyfin Sync]: Recently Added Scan Complete 
2025-10-16T16:36:00.025Z [debug][Jobs]: Starting scheduled job: Download Sync 
2025-10-16T16:37:00.025Z [debug][Jobs]: Starting scheduled job: Download Sync 
2025-10-16T16:38:00.008Z [debug][Jobs]: Starting scheduled job: Download Sync 
2025-10-16T16:39:00.026Z [debug][Jobs]: Starting scheduled job: Download Sync 
2025-10-16T16:40:00.036Z [debug][Jobs]: Starting scheduled job: Download Sync 
2025-10-16T16:40:00.061Z [info][Jobs]: Starting scheduled job: Jellyfin Recently Added Scan 
2025-10-16T16:40:00.064Z [info][Jellyfin Sync]: Jellyfin Sync Starting {"sessionId":"374a09f5-157d-4588-8f78-21dcc7b06325"}
2025-10-16T16:40:00.091Z [info][Jellyfin Sync]: Beginning to process recently added for library: Filmes 
2025-10-16T16:40:00.240Z [debug][Jellyfin Sync]: Title already exists and no new media types found Redline 
2025-10-16T16:40:00.243Z [debug][Jellyfin Sync]: Title already exists and no new media types found Compulsion 
2025-10-16T16:40:04.247Z [info][Jellyfin Sync]: Beginning to process recently added for library: Séries 
2025-10-16T16:40:04.460Z [debug][Jellyfin Sync]: Updating existing title: MobLand 
2025-10-16T16:40:08.466Z [info][Jellyfin Sync]: Recently Added Scan Complete 
2025-10-16T16:41:00.031Z [debug][Jobs]: Starting scheduled job: Download Sync 
2025-10-16T16:42:00.025Z [debug][Jobs]: Starting scheduled job: Download Sync 
2025-10-16T16:43:00.026Z [debug][Jobs]: Starting scheduled job: Download Sync 
2025-10-16T16:44:00.037Z [debug][Jobs]: Starting scheduled job: Download Sync 
2025-10-16T16:45:00.027Z [debug][Jobs]: Starting scheduled job: Download Sync 
2025-10-16T16:45:00.037Z [info][Jobs]: Starting scheduled job: Jellyfin Recently Added Scan 
2025-10-16T16:45:00.039Z [info][Jellyfin Sync]: Jellyfin Sync Starting {"sessionId":"5da232d3-369e-4bf3-823f-ed17106bd3a2"}
2025-10-16T16:45:00.055Z [info][Jellyfin Sync]: Beginning to process recently added for library: Filmes 
2025-10-16T16:45:00.627Z [debug][Jellyfin Sync]: Title already exists and no new media types found Redline 
2025-10-16T16:45:00.632Z [debug][Jellyfin Sync]: Title already exists and no new media types found Compulsion 
2025-10-16T16:45:04.636Z [info][Jellyfin Sync]: Beginning to process recently added for library: Séries 
2025-10-16T16:45:04.896Z [debug][Jellyfin Sync]: Updating existing title: MobLand 
2025-10-16T16:45:08.902Z [info][Jellyfin Sync]: Recently Added Scan Complete 
2025-10-16T16:46:00.028Z [debug][Jobs]: Starting scheduled job: Download Sync 
2025-10-16T16:47:00.010Z [debug][Jobs]: Starting scheduled job: Download Sync 
2025-10-16T16:48:00.029Z [debug][Jobs]: Starting scheduled job: Download Sync 
2025-10-16T16:49:00.022Z [debug][Jobs]: Starting scheduled job: Download Sync 
2025-10-16T16:50:00.028Z [debug][Jobs]: Starting scheduled job: Download Sync 
2025-10-16T16:50:00.041Z [info][Jobs]: Starting scheduled job: Jellyfin Recently Added Scan 
2025-10-16T16:50:00.043Z [info][Jellyfin Sync]: Jellyfin Sync Starting {"sessionId":"1a64c19b-6e2b-446a-9176-fce3f9d81938"}
2025-10-16T16:50:00.060Z [info][Jellyfin Sync]: Beginning to process recently added for library: Filmes 
2025-10-16T16:50:00.186Z [debug][Jellyfin Sync]: Title already exists and no new media types found Redline 
2025-10-16T16:50:00.208Z [debug][Jellyfin Sync]: Title already exists and no new media types found Compulsion 
2025-10-16T16:50:04.212Z [info][Jellyfin Sync]: Beginning to process recently added for library: Séries 
2025-10-16T16:50:04.394Z [debug][Jellyfin Sync]: Updating existing title: MobLand 
2025-10-16T16:50:08.400Z [info][Jellyfin Sync]: Recently Added Scan Complete 
2025-10-16T16:51:00.025Z [debug][Jobs]: Starting scheduled job: Download Sync 
2025-10-16T16:52:00.024Z [debug][Jobs]: Starting scheduled job: Download Sync 
2025-10-16T16:53:00.036Z [debug][Jobs]: Starting scheduled job: Download Sync 
2025-10-16T16:54:00.026Z [debug][Jobs]: Starting scheduled job: Download Sync 
2025-10-16T16:55:00.022Z [debug][Jobs]: Starting scheduled job: Download Sync 
2025-10-16T16:55:00.032Z [info][Jobs]: Starting scheduled job: Jellyfin Recently Added Scan 
2025-10-16T16:55:00.034Z [info][Jellyfin Sync]: Jellyfin Sync Starting {"sessionId":"eb529ae5-156e-4897-ae4e-405e655d0996"}
2025-10-16T16:55:00.053Z [info][Jellyfin Sync]: Beginning to process recently added for library: Filmes 
2025-10-16T16:55:00.649Z [debug][Jellyfin Sync]: Title already exists and no new media types found Compulsion 
2025-10-16T16:55:00.859Z [debug][Jellyfin Sync]: Title already exists and no new media types found Redline 
2025-10-16T16:55:04.864Z [info][Jellyfin Sync]: Beginning to process recently added for library: Séries 
2025-10-16T16:55:05.019Z [debug][Jellyfin Sync]: Updating existing title: MobLand 
2025-10-16T16:55:09.025Z [info][Jellyfin Sync]: Recently Added Scan Complete 
2025-10-16T16:56:00.050Z [debug][Jobs]: Starting scheduled job: Download Sync 
2025-10-16T16:57:00.015Z [debug][Jobs]: Starting scheduled job: Download Sync 
2025-10-16T16:58:00.024Z [debug][Jobs]: Starting scheduled job: Download Sync 
2025-10-16T16:59:00.027Z [debug][Jobs]: Starting scheduled job: Download Sync 
2025-10-16T17:00:00.010Z [debug][Jobs]: Starting scheduled job: Download Sync 
2025-10-16T17:00:00.019Z [info][Jobs]: Starting scheduled job: Jellyfin Recently Added Scan 
2025-10-16T17:00:00.020Z [info][Jellyfin Sync]: Jellyfin Sync Starting {"sessionId":"46262d76-0d90-4518-a9bf-e4eee0c86bbf"}
2025-10-16T17:00:00.034Z [info][Jellyfin Sync]: Beginning to process recently added for library: Filmes 
2025-10-16T17:00:03.214Z [debug][Jellyfin Sync]: Title already exists and no new media types found Compulsion 
2025-10-16T17:00:03.222Z [debug][Jellyfin Sync]: Title already exists and no new media types found Redline 
2025-10-16T17:00:07.227Z [info][Jellyfin Sync]: Beginning to process recently added for library: Séries 
2025-10-16T17:00:07.654Z [debug][Jellyfin Sync]: Updating existing title: MobLand 
2025-10-16T17:00:11.659Z [info][Jellyfin Sync]: Recently Added Scan Complete 
2025-10-16T17:01:00.030Z [debug][Jobs]: Starting scheduled job: Download Sync 
2025-10-16T17:02:00.025Z [debug][Jobs]: Starting scheduled job: Download Sync 
2025-10-16T17:03:00.032Z [debug][Jobs]: Starting scheduled job: Download Sync 
2025-10-16T17:04:00.039Z [debug][Jobs]: Starting scheduled job: Download Sync 
2025-10-16T17:05:00.012Z [debug][Jobs]: Starting scheduled job: Download Sync 
2025-10-16T17:05:00.021Z [info][Jobs]: Starting scheduled job: Jellyfin Recently Added Scan 
2025-10-16T17:05:00.023Z [info][Jellyfin Sync]: Jellyfin Sync Starting {"sessionId":"b1f6b5b8-9cfd-477c-aeca-adaa3d5d079f"}
2025-10-16T17:05:00.037Z [info][Jellyfin Sync]: Beginning to process recently added for library: Filmes 
2025-10-16T17:05:00.154Z [debug][Jellyfin Sync]: Title already exists and no new media types found Compulsion 
2025-10-16T17:05:00.157Z [debug][Jellyfin Sync]: Title already exists and no new media types found Redline 
2025-10-16T17:05:04.162Z [info][Jellyfin Sync]: Beginning to process recently added for library: Séries 
2025-10-16T17:05:04.431Z [debug][Jellyfin Sync]: Updating existing title: MobLand 
2025-10-16T17:05:08.436Z [info][Jellyfin Sync]: Recently Added Scan Complete 
2025-10-16T17:06:00.027Z [debug][Jobs]: Starting scheduled job: Download Sync 
2025-10-16T17:07:00.036Z [debug][Jobs]: Starting scheduled job: Download Sync 
2025-10-16T17:08:00.029Z [debug][Jobs]: Starting scheduled job: Download Sync 
2025-10-16T17:09:00.024Z [debug][Jobs]: Starting scheduled job: Download Sync 
2025-10-16T17:10:00.019Z [debug][Jobs]: Starting scheduled job: Download Sync 
2025-10-16T17:10:00.028Z [info][Jobs]: Starting scheduled job: Jellyfin Recently Added Scan 
2025-10-16T17:10:00.030Z [info][Jellyfin Sync]: Jellyfin Sync Starting {"sessionId":"b2336a54-d835-4f6d-be7a-702bb28f2d10"}
2025-10-16T17:10:00.049Z [info][Jellyfin Sync]: Beginning to process recently added for library: Filmes 
2025-10-16T17:10:00.610Z [debug][Jellyfin Sync]: Title already exists and no new media types found Redline 
2025-10-16T17:10:00.614Z [debug][Jellyfin Sync]: Title already exists and no new media types found Compulsion 
2025-10-16T17:10:04.620Z [info][Jellyfin Sync]: Beginning to process recently added for library: Séries 
2025-10-16T17:10:04.772Z [debug][Jellyfin Sync]: Updating existing title: MobLand 
2025-10-16T17:10:08.777Z [info][Jellyfin Sync]: Recently Added Scan Complete 
2025-10-16T17:11:00.025Z [debug][Jobs]: Starting scheduled job: Download Sync 
2025-10-16T17:12:00.024Z [debug][Jobs]: Starting scheduled job: Download Sync 
2025-10-16T17:13:00.015Z [debug][Jobs]: Starting scheduled job: Download Sync 
2025-10-16T17:14:00.026Z [debug][Jobs]: Starting scheduled job: Download Sync 
2025-10-16T17:15:00.035Z [debug][Jobs]: Starting scheduled job: Download Sync 
2025-10-16T17:15:00.057Z [info][Jobs]: Starting scheduled job: Jellyfin Recently Added Scan 
2025-10-16T17:15:00.061Z [info][Jellyfin Sync]: Jellyfin Sync Starting {"sessionId":"0a1a2938-d5f2-4de2-8c65-bef68f3e9864"}
2025-10-16T17:15:00.093Z [info][Jellyfin Sync]: Beginning to process recently added for library: Filmes 
2025-10-16T17:15:00.238Z [debug][Jellyfin Sync]: Title already exists and no new media types found Redline 
2025-10-16T17:15:00.245Z [debug][Jellyfin Sync]: Title already exists and no new media types found Compulsion 
2025-10-16T17:15:04.248Z [info][Jellyfin Sync]: Beginning to process recently added for library: Séries 
2025-10-16T17:15:04.407Z [debug][Jellyfin Sync]: Updating existing title: MobLand 
2025-10-16T17:15:08.413Z [info][Jellyfin Sync]: Recently Added Scan Complete 
2025-10-16T17:16:00.024Z [debug][Jobs]: Starting scheduled job: Download Sync 
2025-10-16T17:17:00.029Z [debug][Jobs]: Starting scheduled job: Download Sync 
2025-10-16T17:18:00.028Z [debug][Jobs]: Starting scheduled job: Download Sync 
2025-10-16T17:19:00.022Z [debug][Jobs]: Starting scheduled job: Download Sync 
2025-10-16T17:20:00.038Z [debug][Jobs]: Starting scheduled job: Download Sync 
2025-10-16T17:20:00.064Z [info][Jobs]: Starting scheduled job: Jellyfin Recently Added Scan 
2025-10-16T17:20:00.067Z [info][Jellyfin Sync]: Jellyfin Sync Starting {"sessionId":"5be1398f-1698-446c-a706-6108b94e6f69"}
2025-10-16T17:20:00.099Z [info][Jellyfin Sync]: Beginning to process recently added for library: Filmes 
2025-10-16T17:20:00.645Z [debug][Jellyfin Sync]: Title already exists and no new media types found Compulsion 
2025-10-16T17:20:00.653Z [debug][Jellyfin Sync]: Title already exists and no new media types found Redline 
2025-10-16T17:20:04.657Z [info][Jellyfin Sync]: Beginning to process recently added for library: Séries 
2025-10-16T17:20:04.942Z [debug][Jellyfin Sync]: Updating existing title: MobLand 
2025-10-16T17:20:08.949Z [info][Jellyfin Sync]: Recently Added Scan Complete 
2025-10-16T17:21:00.034Z [debug][Jobs]: Starting scheduled job: Download Sync 
2025-10-16T17:22:00.030Z [debug][Jobs]: Starting scheduled job: Download Sync 
2025-10-16T17:23:00.011Z [debug][Jobs]: Starting scheduled job: Download Sync 
2025-10-16T17:24:00.015Z [debug][Jobs]: Starting scheduled job: Download Sync 
2025-10-16T17:25:00.026Z [debug][Jobs]: Starting scheduled job: Download Sync 
2025-10-16T17:25:00.051Z [info][Jobs]: Starting scheduled job: Jellyfin Recently Added Scan 
2025-10-16T17:25:00.057Z [info][Jellyfin Sync]: Jellyfin Sync Starting {"sessionId":"1fed442d-d04f-4b22-836a-0de437a85582"}
2025-10-16T17:25:00.094Z [info][Jellyfin Sync]: Beginning to process recently added for library: Filmes 
2025-10-16T17:25:00.246Z [debug][Jellyfin Sync]: Title already exists and no new media types found Redline 
2025-10-16T17:25:00.257Z [debug][Jellyfin Sync]: Title already exists and no new media types found Compulsion 
2025-10-16T17:25:04.261Z [info][Jellyfin Sync]: Beginning to process recently added for library: Séries 
2025-10-16T17:25:04.462Z [debug][Jellyfin Sync]: Updating existing title: MobLand 
2025-10-16T17:25:08.468Z [info][Jellyfin Sync]: Recently Added Scan Complete 
2025-10-16T17:26:00.048Z [debug][Jobs]: Starting scheduled job: Download Sync 
2025-10-16T17:27:00.023Z [debug][Jobs]: Starting scheduled job: Download Sync 
2025-10-16T17:28:00.022Z [debug][Jobs]: Starting scheduled job: Download Sync 
2025-10-16T17:29:00.023Z [debug][Jobs]: Starting scheduled job: Download Sync 
2025-10-16T17:30:00.032Z [debug][Jobs]: Starting scheduled job: Download Sync 
2025-10-16T17:30:00.056Z [info][Jobs]: Starting scheduled job: Jellyfin Recently Added Scan 
2025-10-16T17:30:00.060Z [info][Jellyfin Sync]: Jellyfin Sync Starting {"sessionId":"edf77dfb-006b-4afc-b978-1c2b0693de8f"}
2025-10-16T17:30:00.094Z [info][Jellyfin Sync]: Beginning to process recently added for library: Filmes 
2025-10-16T17:30:00.713Z [debug][Jellyfin Sync]: Title already exists and no new media types found Redline 
2025-10-16T17:30:00.721Z [debug][Jellyfin Sync]: Title already exists and no new media types found Compulsion 
2025-10-16T17:30:04.726Z [info][Jellyfin Sync]: Beginning to process recently added for library: Séries 
2025-10-16T17:30:04.873Z [debug][Jellyfin Sync]: Updating existing title: MobLand 
2025-10-16T17:30:08.879Z [info][Jellyfin Sync]: Recently Added Scan Complete 
2025-10-16T17:31:00.044Z [debug][Jobs]: Starting scheduled job: Download Sync 
2025-10-16T17:32:00.024Z [debug][Jobs]: Starting scheduled job: Download Sync 
2025-10-16T17:33:00.015Z [debug][Jobs]: Starting scheduled job: Download Sync 
2025-10-16T17:34:00.007Z [debug][Jobs]: Starting scheduled job: Download Sync 
2025-10-16T17:35:00.022Z [debug][Jobs]: Starting scheduled job: Download Sync 
2025-10-16T17:35:00.037Z [info][Jobs]: Starting scheduled job: Jellyfin Recently Added Scan 
2025-10-16T17:35:00.039Z [info][Jellyfin Sync]: Jellyfin Sync Starting {"sessionId":"97689c4e-21b6-46cc-b3f1-16b9fda31e9e"}
2025-10-16T17:35:00.063Z [info][Jellyfin Sync]: Beginning to process recently added for library: Filmes 
2025-10-16T17:35:00.197Z [debug][Jellyfin Sync]: Title already exists and no new media types found Redline 
2025-10-16T17:35:00.205Z [debug][Jellyfin Sync]: Title already exists and no new media types found Compulsion 
2025-10-16T17:35:04.211Z [info][Jellyfin Sync]: Beginning to process recently added for library: Séries 
2025-10-16T17:35:04.369Z [debug][Jellyfin Sync]: Updating existing title: MobLand 
2025-10-16T17:35:08.374Z [info][Jellyfin Sync]: Recently Added Scan Complete 
2025-10-16T17:36:00.019Z [debug][Jobs]: Starting scheduled job: Download Sync 
2025-10-16T17:37:00.023Z [debug][Jobs]: Starting scheduled job: Download Sync 
2025-10-16T17:38:00.026Z [debug][Jobs]: Starting scheduled job: Download Sync 
2025-10-16T17:39:00.024Z [debug][Jobs]: Starting scheduled job: Download Sync 
2025-10-16T17:39:17.827Z [debug][Image Cache]: Something went wrong caching image. {"errorMessage":"Request failed with status code 404"}
2025-10-16T17:40:00.019Z [debug][Jobs]: Starting scheduled job: Download Sync 
2025-10-16T17:40:00.033Z [info][Jobs]: Starting scheduled job: Jellyfin Recently Added Scan 
2025-10-16T17:40:00.035Z [info][Jellyfin Sync]: Jellyfin Sync Starting {"sessionId":"45f06265-a111-43c5-b832-b51885364414"}
2025-10-16T17:40:00.054Z [info][Jellyfin Sync]: Beginning to process recently added for library: Filmes 
2025-10-16T17:40:00.744Z [debug][Jellyfin Sync]: Title already exists and no new media types found Redline 
2025-10-16T17:40:00.754Z [debug][Jellyfin Sync]: Title already exists and no new media types found Compulsion 
2025-10-16T17:40:04.757Z [info][Jellyfin Sync]: Beginning to process recently added for library: Séries 
2025-10-16T17:40:04.974Z [debug][Jellyfin Sync]: Updating existing title: MobLand 
2025-10-16T17:40:08.981Z [info][Jellyfin Sync]: Recently Added Scan Complete 
2025-10-16T17:41:00.087Z [debug][Jobs]: Starting scheduled job: Download Sync 
2025-10-16T17:42:00.059Z [debug][Jobs]: Starting scheduled job: Download Sync 
2025-10-16T17:43:00.058Z [debug][Jobs]: Starting scheduled job: Download Sync 
2025-10-16T17:44:00.065Z [debug][Jobs]: Starting scheduled job: Download Sync 
2025-10-16T17:45:00.051Z [debug][Jobs]: Starting scheduled job: Download Sync 
2025-10-16T17:45:00.179Z [info][Jobs]: Starting scheduled job: Jellyfin Recently Added Scan 
2025-10-16T17:45:00.185Z [info][Jellyfin Sync]: Jellyfin Sync Starting {"sessionId":"e72e4d1c-11a0-4f06-88ad-c43d51a52dcf"}
2025-10-16T17:45:00.577Z [info][Jellyfin Sync]: Beginning to process recently added for library: Filmes 
2025-10-16T17:45:01.646Z [debug][Jellyfin Sync]: Title already exists and no new media types found Redline 
2025-10-16T17:45:01.653Z [debug][Jellyfin Sync]: Title already exists and no new media types found Compulsion 
2025-10-16T17:45:05.657Z [info][Jellyfin Sync]: Beginning to process recently added for library: Séries 
2025-10-16T17:45:05.968Z [debug][Jellyfin Sync]: Updating existing title: MobLand 
2025-10-16T17:45:09.976Z [info][Jellyfin Sync]: Recently Added Scan Complete 
2025-10-16T17:46:00.029Z [debug][Jobs]: Starting scheduled job: Download Sync 
2025-10-16T17:47:00.025Z [debug][Jobs]: Starting scheduled job: Download Sync 
2025-10-16T17:48:00.029Z [debug][Jobs]: Starting scheduled job: Download Sync 
2025-10-16T17:49:00.030Z [debug][Jobs]: Starting scheduled job: Download Sync 
2025-10-16T17:50:00.025Z [debug][Jobs]: Starting scheduled job: Download Sync 
2025-10-16T17:50:00.044Z [info][Jobs]: Starting scheduled job: Jellyfin Recently Added Scan 
2025-10-16T17:50:00.047Z [info][Jellyfin Sync]: Jellyfin Sync Starting {"sessionId":"1f64dad3-7e60-4052-8b81-ff170edfb747"}
2025-10-16T17:50:00.068Z [info][Jellyfin Sync]: Beginning to process recently added for library: Filmes 
2025-10-16T17:50:00.282Z [debug][Jellyfin Sync]: Title already exists and no new media types found Compulsion 
2025-10-16T17:50:00.290Z [debug][Jellyfin Sync]: Title already exists and no new media types found Redline 
2025-10-16T17:50:04.300Z [info][Jellyfin Sync]: Beginning to process recently added for library: Séries 
2025-10-16T17:50:04.445Z [debug][Jellyfin Sync]: Updating existing title: MobLand 
2025-10-16T17:50:08.449Z [info][Jellyfin Sync]: Recently Added Scan Complete 
2025-10-16T17:51:00.065Z [debug][Jobs]: Starting scheduled job: Download Sync 
2025-10-16T17:52:00.024Z [debug][Jobs]: Starting scheduled job: Download Sync 
2025-10-16T17:53:00.027Z [debug][Jobs]: Starting scheduled job: Download Sync 
2025-10-16T17:54:00.022Z [debug][Jobs]: Starting scheduled job: Download Sync 
2025-10-16T17:55:00.024Z [debug][Jobs]: Starting scheduled job: Download Sync 
2025-10-16T17:55:00.035Z [info][Jobs]: Starting scheduled job: Jellyfin Recently Added Scan 
2025-10-16T17:55:00.037Z [info][Jellyfin Sync]: Jellyfin Sync Starting {"sessionId":"70f9d077-9212-43ea-9337-719a53097633"}
2025-10-16T17:55:00.056Z [info][Jellyfin Sync]: Beginning to process recently added for library: Filmes 
2025-10-16T17:55:00.686Z [debug][Jellyfin Sync]: Title already exists and no new media types found Compulsion 
2025-10-16T17:55:00.800Z [debug][Jellyfin Sync]: Title already exists and no new media types found Redline 
2025-10-16T17:55:04.808Z [info][Jellyfin Sync]: Beginning to process recently added for library: Séries 
2025-10-16T17:55:05.014Z [debug][Jellyfin Sync]: Updating existing title: MobLand 
2025-10-16T17:55:09.020Z [info][Jellyfin Sync]: Recently Added Scan Complete 
2025-10-16T17:56:00.024Z [debug][Jobs]: Starting scheduled job: Download Sync 
2025-10-16T17:57:00.010Z [debug][Jobs]: Starting scheduled job: Download Sync 
2025-10-16T17:58:00.027Z [debug][Jobs]: Starting scheduled job: Download Sync 
2025-10-16T17:59:00.022Z [debug][Jobs]: Starting scheduled job: Download Sync 
2025-10-16T18:00:00.025Z [debug][Jobs]: Starting scheduled job: Download Sync 
2025-10-16T18:00:00.037Z [info][Jobs]: Starting scheduled job: Jellyfin Recently Added Scan 
2025-10-16T18:00:00.039Z [info][Jellyfin Sync]: Jellyfin Sync Starting {"sessionId":"02e4aa7d-61be-4b37-8930-5426822ce983"}
2025-10-16T18:00:00.054Z [info][Jellyfin Sync]: Beginning to process recently added for library: Filmes 
2025-10-16T18:00:00.158Z [debug][Jellyfin Sync]: Title already exists and no new media types found Redline 
2025-10-16T18:00:00.165Z [debug][Jellyfin Sync]: Title already exists and no new media types found Compulsion 
2025-10-16T18:00:04.170Z [info][Jellyfin Sync]: Beginning to process recently added for library: Séries 
2025-10-16T18:00:04.309Z [debug][Jellyfin Sync]: Updating existing title: MobLand 
2025-10-16T18:00:08.316Z [info][Jellyfin Sync]: Recently Added Scan Complete 
2025-10-16T18:01:00.036Z [debug][Jobs]: Starting scheduled job: Download Sync 
2025-10-16T18:02:00.037Z [debug][Jobs]: Starting scheduled job: Download Sync 
2025-10-16T18:03:00.023Z [debug][Jobs]: Starting scheduled job: Download Sync 
2025-10-16T18:04:00.015Z [debug][Jobs]: Starting scheduled job: Download Sync 
2025-10-16T18:05:00.014Z [debug][Jobs]: Starting scheduled job: Download Sync 
2025-10-16T18:05:00.023Z [info][Jobs]: Starting scheduled job: Jellyfin Recently Added Scan 
2025-10-16T18:05:00.025Z [info][Jellyfin Sync]: Jellyfin Sync Starting {"sessionId":"03908952-6f17-441c-bfe1-9142c9da103c"}
2025-10-16T18:05:00.040Z [info][Jellyfin Sync]: Beginning to process recently added for library: Filmes 
2025-10-16T18:05:00.547Z [debug][Jellyfin Sync]: Title already exists and no new media types found Compulsion 
2025-10-16T18:05:00.554Z [debug][Jellyfin Sync]: Title already exists and no new media types found Redline 
2025-10-16T18:05:04.557Z [info][Jellyfin Sync]: Beginning to process recently added for library: Séries 
2025-10-16T18:05:04.698Z [debug][Jellyfin Sync]: Updating existing title: MobLand 
2025-10-16T18:05:08.703Z [info][Jellyfin Sync]: Recently Added Scan Complete 
2025-10-16T18:06:00.027Z [debug][Jobs]: Starting scheduled job: Download Sync 
2025-10-16T18:07:00.027Z [debug][Jobs]: Starting scheduled job: Download Sync 
2025-10-16T18:08:00.025Z [debug][Jobs]: Starting scheduled job: Download Sync 
2025-10-16T18:09:00.026Z [debug][Jobs]: Starting scheduled job: Download Sync 
2025-10-16T18:10:00.022Z [debug][Jobs]: Starting scheduled job: Download Sync 
2025-10-16T18:10:00.034Z [info][Jobs]: Starting scheduled job: Jellyfin Recently Added Scan 
2025-10-16T18:10:00.036Z [info][Jellyfin Sync]: Jellyfin Sync Starting {"sessionId":"57a83589-ffaf-444f-b796-2d9b7b5aea12"}
2025-10-16T18:10:00.058Z [info][Jellyfin Sync]: Beginning to process recently added for library: Filmes 
2025-10-16T18:10:00.210Z [debug][Jellyfin Sync]: Title already exists and no new media types found Redline 
2025-10-16T18:10:00.228Z [debug][Jellyfin Sync]: Title already exists and no new media types found Compulsion 
2025-10-16T18:10:04.233Z [info][Jellyfin Sync]: Beginning to process recently added for library: Séries 
2025-10-16T18:10:04.379Z [debug][Jellyfin Sync]: Updating existing title: MobLand 
2025-10-16T18:10:08.384Z [info][Jellyfin Sync]: Recently Added Scan Complete 
2025-10-16T18:11:00.019Z [debug][Jobs]: Starting scheduled job: Download Sync 
2025-10-16T18:12:00.033Z [debug][Jobs]: Starting scheduled job: Download Sync 
2025-10-16T18:13:00.027Z [debug][Jobs]: Starting scheduled job: Download Sync 
2025-10-16T18:14:00.025Z [debug][Jobs]: Starting scheduled job: Download Sync 
2025-10-16T18:15:00.021Z [debug][Jobs]: Starting scheduled job: Download Sync 
2025-10-16T18:15:00.031Z [info][Jobs]: Starting scheduled job: Jellyfin Recently Added Scan 
2025-10-16T18:15:00.032Z [info][Jellyfin Sync]: Jellyfin Sync Starting {"sessionId":"47e447f9-6ab1-4cfa-be8c-e31e2107c82d"}
2025-10-16T18:15:00.045Z [info][Jellyfin Sync]: Beginning to process recently added for library: Filmes 
2025-10-16T18:15:00.625Z [debug][Jellyfin Sync]: Title already exists and no new media types found Compulsion 
2025-10-16T18:15:00.941Z [debug][Jellyfin Sync]: Title already exists and no new media types found Redline 
2025-10-16T18:15:04.949Z [info][Jellyfin Sync]: Beginning to process recently added for library: Séries 
2025-10-16T18:15:05.090Z [debug][Jellyfin Sync]: Updating existing title: MobLand 
2025-10-16T18:15:09.094Z [info][Jellyfin Sync]: Recently Added Scan Complete 
2025-10-16T18:16:00.024Z [debug][Jobs]: Starting scheduled job: Download Sync 
2025-10-16T18:17:00.024Z [debug][Jobs]: Starting scheduled job: Download Sync 
2025-10-16T18:18:00.024Z [debug][Jobs]: Starting scheduled job: Download Sync 
2025-10-16T18:19:00.013Z [debug][Jobs]: Starting scheduled job: Download Sync 
2025-10-16T18:20:00.035Z [debug][Jobs]: Starting scheduled job: Download Sync 
2025-10-16T18:20:00.061Z [info][Jobs]: Starting scheduled job: Jellyfin Recently Added Scan 
2025-10-16T18:20:00.065Z [info][Jellyfin Sync]: Jellyfin Sync Starting {"sessionId":"2daac123-8121-4bd0-90d5-4def183d6126"}
2025-10-16T18:20:00.097Z [info][Jellyfin Sync]: Beginning to process recently added for library: Filmes 
2025-10-16T18:20:00.241Z [debug][Jellyfin Sync]: Title already exists and no new media types found Redline 
2025-10-16T18:20:00.246Z [debug][Jellyfin Sync]: Title already exists and no new media types found Compulsion 
2025-10-16T18:20:04.251Z [info][Jellyfin Sync]: Beginning to process recently added for library: Séries 
2025-10-16T18:20:04.478Z [debug][Jellyfin Sync]: Updating existing title: MobLand 
2025-10-16T18:20:08.487Z [info][Jellyfin Sync]: Recently Added Scan Complete 
2025-10-16T18:21:00.027Z [debug][Jobs]: Starting scheduled job: Download Sync 
2025-10-16T18:22:00.024Z [debug][Jobs]: Starting scheduled job: Download Sync 
2025-10-16T18:23:00.023Z [debug][Jobs]: Starting scheduled job: Download Sync 
2025-10-16T18:24:00.038Z [debug][Jobs]: Starting scheduled job: Download Sync 
2025-10-16T18:25:00.027Z [debug][Jobs]: Starting scheduled job: Download Sync 
2025-10-16T18:25:00.040Z [info][Jobs]: Starting scheduled job: Jellyfin Recently Added Scan 
2025-10-16T18:25:00.042Z [info][Jellyfin Sync]: Jellyfin Sync Starting {"sessionId":"367eadcf-2d76-49ca-8643-94f2d8b7cc35"}
2025-10-16T18:25:00.272Z [info][Jellyfin Sync]: Beginning to process recently added for library: Filmes 
2025-10-16T18:25:01.568Z [debug][Jellyfin Sync]: Title already exists and no new media types found Compulsion 
2025-10-16T18:25:01.574Z [debug][Jellyfin Sync]: Title already exists and no new media types found Redline 
2025-10-16T18:25:05.576Z [info][Jellyfin Sync]: Beginning to process recently added for library: Séries 
2025-10-16T18:25:05.905Z [debug][Jellyfin Sync]: Updating existing title: MobLand 
2025-10-16T18:25:09.908Z [info][Jellyfin Sync]: Recently Added Scan Complete 
2025-10-16T18:26:00.018Z [debug][Jobs]: Starting scheduled job: Download Sync 
2025-10-16T18:27:00.021Z [debug][Jobs]: Starting scheduled job: Download Sync 
2025-10-16T18:28:00.016Z [debug][Jobs]: Starting scheduled job: Download Sync 
2025-10-16T18:29:00.016Z [debug][Jobs]: Starting scheduled job: Download Sync 
2025-10-16T18:30:00.036Z [debug][Jobs]: Starting scheduled job: Download Sync 
2025-10-16T18:30:00.056Z [info][Jobs]: Starting scheduled job: Jellyfin Recently Added Scan 
2025-10-16T18:30:00.058Z [info][Jellyfin Sync]: Jellyfin Sync Starting {"sessionId":"93866456-3510-45b1-8610-c79f2b1c0b4e"}
2025-10-16T18:30:00.078Z [info][Jellyfin Sync]: Beginning to process recently added for library: Filmes 
2025-10-16T18:30:00.179Z [debug][Jellyfin Sync]: Title already exists and no new media types found Redline 
2025-10-16T18:30:00.182Z [debug][Jellyfin Sync]: Title already exists and no new media types found Compulsion 
2025-10-16T18:30:04.189Z [info][Jellyfin Sync]: Beginning to process recently added for library: Séries 
2025-10-16T18:30:04.389Z [debug][Jellyfin Sync]: Updating existing title: MobLand 
2025-10-16T18:30:08.396Z [info][Jellyfin Sync]: Recently Added Scan Complete 
2025-10-16T18:31:00.041Z [debug][Jobs]: Starting scheduled job: Download Sync 
2025-10-16T18:32:00.011Z [debug][Jobs]: Starting scheduled job: Download Sync 
2025-10-16T18:33:00.045Z [debug][Jobs]: Starting scheduled job: Download Sync 
2025-10-16T18:34:00.031Z [debug][Jobs]: Starting scheduled job: Download Sync 
2025-10-16T18:35:00.042Z [debug][Jobs]: Starting scheduled job: Download Sync 
2025-10-16T18:35:00.077Z [info][Jobs]: Starting scheduled job: Jellyfin Recently Added Scan 
2025-10-16T18:35:00.081Z [info][Jellyfin Sync]: Jellyfin Sync Starting {"sessionId":"d7aeef6b-b8ef-4c4f-9c22-943e3512c0d7"}
2025-10-16T18:35:00.100Z [info][Jellyfin Sync]: Beginning to process recently added for library: Filmes 
2025-10-16T18:35:00.648Z [debug][Jellyfin Sync]: Title already exists and no new media types found Compulsion 
2025-10-16T18:35:00.652Z [debug][Jellyfin Sync]: Title already exists and no new media types found Redline 
2025-10-16T18:35:00.924Z [info][Jellyfin Sync]: Request for Midsommar exists. New media types set to AVAILABLE 
2025-10-16T18:35:01.039Z [info][Notifications]: Sending notification(s) for MEDIA_AVAILABLE {"subject":"Midsommar (2019)"}
2025-10-16T18:35:04.929Z [info][Jellyfin Sync]: Beginning to process recently added for library: Séries 
2025-10-16T18:35:05.063Z [debug][Jellyfin Sync]: Updating existing title: MobLand 
2025-10-16T18:35:09.069Z [info][Jellyfin Sync]: Recently Added Scan Complete 
2025-10-16T18:36:00.050Z [debug][Jobs]: Starting scheduled job: Download Sync 
2025-10-16T18:37:00.031Z [debug][Jobs]: Starting scheduled job: Download Sync 
2025-10-16T18:38:00.034Z [debug][Jobs]: Starting scheduled job: Download Sync 
2025-10-16T18:39:00.037Z [debug][Jobs]: Starting scheduled job: Download Sync 
2025-10-16T18:40:00.024Z [debug][Jobs]: Starting scheduled job: Download Sync 
2025-10-16T18:40:00.053Z [info][Jobs]: Starting scheduled job: Jellyfin Recently Added Scan 
2025-10-16T18:40:00.057Z [info][Jellyfin Sync]: Jellyfin Sync Starting {"sessionId":"f842dc80-9c84-4088-a15e-ecd14d28ddec"}
2025-10-16T18:40:00.092Z [info][Jellyfin Sync]: Beginning to process recently added for library: Filmes 
2025-10-16T18:40:00.271Z [debug][Jellyfin Sync]: Title already exists and no new media types found Midsommar 
2025-10-16T18:40:00.275Z [debug][Jellyfin Sync]: Title already exists and no new media types found Redline 
2025-10-16T18:40:00.279Z [debug][Jellyfin Sync]: Title already exists and no new media types found Compulsion 
2025-10-16T18:40:04.285Z [info][Jellyfin Sync]: Beginning to process recently added for library: Séries 
2025-10-16T18:40:04.442Z [debug][Jellyfin Sync]: Updating existing title: MobLand 
2025-10-16T18:40:08.445Z [info][Jellyfin Sync]: Recently Added Scan Complete 
2025-10-16T18:41:00.038Z [debug][Jobs]: Starting scheduled job: Download Sync 
2025-10-16T18:42:00.049Z [debug][Jobs]: Starting scheduled job: Download Sync 
2025-10-16T18:43:00.022Z [debug][Jobs]: Starting scheduled job: Download Sync 
2025-10-16T18:44:00.034Z [debug][Jobs]: Starting scheduled job: Download Sync 
2025-10-16T18:45:00.043Z [debug][Jobs]: Starting scheduled job: Download Sync 
2025-10-16T18:45:00.077Z [info][Jobs]: Starting scheduled job: Jellyfin Recently Added Scan 
2025-10-16T18:45:00.081Z [info][Jellyfin Sync]: Jellyfin Sync Starting {"sessionId":"09b832bb-aa78-4381-9a14-fec694d7049e"}
2025-10-16T18:45:00.120Z [info][Jellyfin Sync]: Beginning to process recently added for library: Filmes 
2025-10-16T18:45:00.726Z [debug][Jellyfin Sync]: Title already exists and no new media types found Redline 
2025-10-16T18:45:00.729Z [debug][Jellyfin Sync]: Title already exists and no new media types found Compulsion 
2025-10-16T18:45:00.757Z [debug][Jellyfin Sync]: Title already exists and no new media types found Midsommar 
2025-10-16T18:45:04.763Z [info][Jellyfin Sync]: Beginning to process recently added for library: Séries 
2025-10-16T18:45:05.014Z [debug][Jellyfin Sync]: Updating existing title: MobLand 
2025-10-16T18:45:09.019Z [info][Jellyfin Sync]: Recently Added Scan Complete 
2025-10-16T18:46:00.032Z [debug][Jobs]: Starting scheduled job: Download Sync 
2025-10-16T18:47:00.046Z [debug][Jobs]: Starting scheduled job: Download Sync 
2025-10-16T18:48:00.035Z [debug][Jobs]: Starting scheduled job: Download Sync 
2025-10-16T18:49:00.023Z [debug][Jobs]: Starting scheduled job: Download Sync 
2025-10-16T18:50:00.028Z [debug][Jobs]: Starting scheduled job: Download Sync 
2025-10-16T18:50:00.049Z [info][Jobs]: Starting scheduled job: Jellyfin Recently Added Scan 
2025-10-16T18:50:00.052Z [info][Jellyfin Sync]: Jellyfin Sync Starting {"sessionId":"c97f44d4-df1c-4a9b-9b43-0935716eea1d"}
2025-10-16T18:50:00.081Z [info][Jellyfin Sync]: Beginning to process recently added for library: Filmes 
2025-10-16T18:50:00.292Z [debug][Jellyfin Sync]: Title already exists and no new media types found Midsommar 
2025-10-16T18:50:00.297Z [debug][Jellyfin Sync]: Title already exists and no new media types found Redline 
2025-10-16T18:50:00.300Z [debug][Jellyfin Sync]: Title already exists and no new media types found Compulsion 
2025-10-16T18:50:04.306Z [info][Jellyfin Sync]: Beginning to process recently added for library: Séries 
2025-10-16T18:50:04.505Z [debug][Jellyfin Sync]: Updating existing title: MobLand 
2025-10-16T18:50:08.510Z [info][Jellyfin Sync]: Recently Added Scan Complete 
2025-10-16T18:51:00.051Z [debug][Jobs]: Starting scheduled job: Download Sync 
2025-10-16T18:52:00.031Z [debug][Jobs]: Starting scheduled job: Download Sync 
2025-10-16T18:53:00.010Z [debug][Jobs]: Starting scheduled job: Download Sync 
2025-10-16T18:54:00.033Z [debug][Jobs]: Starting scheduled job: Download Sync 
2025-10-16T18:55:00.023Z [debug][Jobs]: Starting scheduled job: Download Sync 
2025-10-16T18:55:00.033Z [info][Jobs]: Starting scheduled job: Jellyfin Recently Added Scan 
2025-10-16T18:55:00.034Z [info][Jellyfin Sync]: Jellyfin Sync Starting {"sessionId":"81e7233b-75a8-4a9c-abb7-6814e9a6a36c"}
2025-10-16T18:55:00.046Z [info][Jellyfin Sync]: Beginning to process recently added for library: Filmes 
2025-10-16T18:55:00.591Z [debug][Jellyfin Sync]: Title already exists and no new media types found Redline 
2025-10-16T18:55:00.594Z [debug][Jellyfin Sync]: Title already exists and no new media types found Compulsion 
2025-10-16T18:55:00.597Z [debug][Jellyfin Sync]: Title already exists and no new media types found Midsommar 
2025-10-16T18:55:04.603Z [info][Jellyfin Sync]: Beginning to process recently added for library: Séries 
2025-10-16T18:55:04.796Z [debug][Jellyfin Sync]: Updating existing title: MobLand 
2025-10-16T18:55:08.802Z [info][Jellyfin Sync]: Recently Added Scan Complete 
2025-10-16T18:56:00.022Z [debug][Jobs]: Starting scheduled job: Download Sync 
2025-10-16T18:57:00.011Z [debug][Jobs]: Starting scheduled job: Download Sync 
2025-10-16T18:58:00.016Z [debug][Jobs]: Starting scheduled job: Download Sync 
2025-10-16T18:59:00.014Z [debug][Jobs]: Starting scheduled job: Download Sync 
2025-10-16T19:00:00.016Z [debug][Jobs]: Starting scheduled job: Download Sync 
2025-10-16T19:00:00.024Z [info][Jobs]: Starting scheduled job: Jellyfin Recently Added Scan 
2025-10-16T19:00:00.026Z [info][Jellyfin Sync]: Jellyfin Sync Starting {"sessionId":"96efd6e6-6338-44f5-a74a-89a8482d5863"}
2025-10-16T19:00:00.040Z [info][Jellyfin Sync]: Beginning to process recently added for library: Filmes 
2025-10-16T19:00:00.312Z [debug][Jellyfin Sync]: Title already exists and no new media types found Redline 
2025-10-16T19:00:00.317Z [debug][Jellyfin Sync]: Title already exists and no new media types found Compulsion 
2025-10-16T19:00:00.321Z [debug][Jellyfin Sync]: Title already exists and no new media types found Midsommar 
2025-10-16T19:00:04.329Z [info][Jellyfin Sync]: Beginning to process recently added for library: Séries 
2025-10-16T19:00:04.536Z [debug][Jellyfin Sync]: Updating existing title: MobLand 
2025-10-16T19:00:08.543Z [info][Jellyfin Sync]: Recently Added Scan Complete 
2025-10-16T19:01:00.013Z [debug][Jobs]: Starting scheduled job: Download Sync 
2025-10-16T19:02:00.031Z [debug][Jobs]: Starting scheduled job: Download Sync 
2025-10-16T19:03:00.023Z [debug][Jobs]: Starting scheduled job: Download Sync 
2025-10-16T19:04:00.031Z [debug][Jobs]: Starting scheduled job: Download Sync 
2025-10-16T19:05:00.034Z [debug][Jobs]: Starting scheduled job: Download Sync 
2025-10-16T19:05:00.058Z [info][Jobs]: Starting scheduled job: Jellyfin Recently Added Scan 
2025-10-16T19:05:00.061Z [info][Jellyfin Sync]: Jellyfin Sync Starting {"sessionId":"b9be9482-64ba-4e9b-9437-be8219cc0a51"}
2025-10-16T19:05:00.086Z [info][Jellyfin Sync]: Beginning to process recently added for library: Filmes 
2025-10-16T19:05:00.671Z [debug][Jellyfin Sync]: Title already exists and no new media types found Midsommar 
2025-10-16T19:05:00.674Z [debug][Jellyfin Sync]: Title already exists and no new media types found Compulsion 
2025-10-16T19:05:00.681Z [debug][Jellyfin Sync]: Title already exists and no new media types found Redline 
2025-10-16T19:05:04.687Z [info][Jellyfin Sync]: Beginning to process recently added for library: Séries 
2025-10-16T19:05:04.919Z [debug][Jellyfin Sync]: Updating existing title: MobLand 
2025-10-16T19:05:08.926Z [info][Jellyfin Sync]: Recently Added Scan Complete 
2025-10-16T19:06:00.021Z [debug][Jobs]: Starting scheduled job: Download Sync 
2025-10-16T19:07:00.043Z [debug][Jobs]: Starting scheduled job: Download Sync 
2025-10-16T19:08:00.033Z [debug][Jobs]: Starting scheduled job: Download Sync 
2025-10-16T19:09:00.023Z [debug][Jobs]: Starting scheduled job: Download Sync 
2025-10-16T19:10:00.030Z [debug][Jobs]: Starting scheduled job: Download Sync 
2025-10-16T19:10:00.061Z [info][Jobs]: Starting scheduled job: Jellyfin Recently Added Scan 
2025-10-16T19:10:00.064Z [info][Jellyfin Sync]: Jellyfin Sync Starting {"sessionId":"169f184c-5109-4513-8606-c5d80843501c"}
2025-10-16T19:10:00.104Z [info][Jellyfin Sync]: Beginning to process recently added for library: Filmes 
2025-10-16T19:10:00.220Z [debug][Jellyfin Sync]: Title already exists and no new media types found Midsommar 
2025-10-16T19:10:00.223Z [debug][Jellyfin Sync]: Title already exists and no new media types found Redline 
2025-10-16T19:10:00.226Z [debug][Jellyfin Sync]: Title already exists and no new media types found Compulsion 
2025-10-16T19:10:04.229Z [info][Jellyfin Sync]: Beginning to process recently added for library: Séries 
2025-10-16T19:10:04.401Z [debug][Jellyfin Sync]: Updating existing title: MobLand 
2025-10-16T19:10:08.406Z [info][Jellyfin Sync]: Recently Added Scan Complete 
