2025-10-20T11:02:47.994Z [info]: Commit Tag: $GIT_SHA 
2025-10-20T11:02:58.650Z [info]: Starting Jellyseerr version 2.7.3 
2025-10-20T11:03:18.669Z [debug][Settings Migrator]: Checking migration '0001_migrate_hostname.js'... 
2025-10-20T11:03:18.716Z [debug][Settings Migrator]: Checking migration '0002_migrate_apitokens.js'... 
2025-10-20T11:03:18.767Z [debug][Settings Migrator]: Checking migration '0003_emby_media_server_type.js'... 
2025-10-20T11:03:18.793Z [debug][Settings Migrator]: Checking migration '0004_migrate_region_setting.js'... 
2025-10-20T11:03:18.812Z [debug][Settings Migrator]: Checking migration '0005_migrate_network_settings.js'... 
2025-10-20T11:03:18.836Z [debug][Settings Migrator]: Checking migration '0006_remove_lunasea.js'... 
2025-10-20T11:03:18.977Z [info][Notifications]: Registered notification agents 
2025-10-20T11:03:20.346Z [info][Jobs]: Scheduled jobs loaded 
2025-10-20T11:03:25.218Z [info][Server]: Server ready on port 5055 
2025-10-20T12:51:40.852Z [info]: Commit Tag: $GIT_SHA 
2025-10-20T12:51:49.100Z [info]: Starting Jellyseerr version 2.7.3 
2025-10-20T12:52:05.379Z [debug][Settings Migrator]: Checking migration '0001_migrate_hostname.js'... 
2025-10-20T12:52:05.412Z [debug][Settings Migrator]: Checking migration '0002_migrate_apitokens.js'... 
2025-10-20T12:52:05.443Z [debug][Settings Migrator]: Checking migration '0003_emby_media_server_type.js'... 
2025-10-20T12:52:05.473Z [debug][Settings Migrator]: Checking migration '0004_migrate_region_setting.js'... 
2025-10-20T12:52:05.496Z [debug][Settings Migrator]: Checking migration '0005_migrate_network_settings.js'... 
2025-10-20T12:52:05.520Z [debug][Settings Migrator]: Checking migration '0006_remove_lunasea.js'... 
2025-10-20T12:52:05.620Z [info][Notifications]: Registered notification agents 
2025-10-20T12:52:06.589Z [info][Jobs]: Scheduled jobs loaded 
2025-10-20T12:52:10.500Z [info][Server]: Server ready on port 5055 
2025-10-20T12:53:00.202Z [debug][Jobs]: Starting scheduled job: Download Sync 
2025-10-20T12:54:00.151Z [debug][Jobs]: Starting scheduled job: Download Sync 
2025-10-20T12:55:00.047Z [debug][Jobs]: Starting scheduled job: Download Sync 
2025-10-20T12:55:00.087Z [info][Jobs]: Starting scheduled job: Jellyfin Recently Added Scan 
2025-10-20T12:55:00.092Z [info][Jellyfin Sync]: Jellyfin Sync Starting {"sessionId":"a9dab930-24b9-4f49-afb8-83bf74d40c6c"}
2025-10-20T12:55:00.162Z [info][Jellyfin Sync]: Beginning to process recently added for library: Filmes 
2025-10-20T12:55:04.095Z [debug][Jellyfin Sync]: Title already exists and no new media types found Redline 
2025-10-20T12:55:04.149Z [debug][Jellyfin Sync]: Title already exists and no new media types found Compulsion 
2025-10-20T12:55:04.285Z [debug][Jellyfin Sync]: Title already exists and no new media types found Midsommar 
2025-10-20T12:55:08.290Z [info][Jellyfin Sync]: Beginning to process recently added for library: Séries 
2025-10-20T12:55:09.013Z [debug][Jellyfin Sync]: Updating existing title: MobLand 
2025-10-20T12:55:13.018Z [info][Jellyfin Sync]: Recently Added Scan Complete 
2025-10-20T12:56:00.072Z [debug][Jobs]: Starting scheduled job: Download Sync 
2025-10-20T12:57:00.040Z [debug][Jobs]: Starting scheduled job: Download Sync 
2025-10-20T12:58:00.025Z [debug][Jobs]: Starting scheduled job: Download Sync 
2025-10-20T12:59:00.033Z [debug][Jobs]: Starting scheduled job: Download Sync 
2025-10-20T13:00:00.077Z [debug][Jobs]: Starting scheduled job: Download Sync 
2025-10-20T13:00:00.179Z [info][Jobs]: Starting scheduled job: Jellyfin Recently Added Scan 
2025-10-20T13:00:00.187Z [info][Jellyfin Sync]: Jellyfin Sync Starting {"sessionId":"4e6754d0-8b59-4871-8eb3-52ceeec5e899"}
2025-10-20T13:00:00.244Z [info][Jellyfin Sync]: Beginning to process recently added for library: Filmes 
2025-10-20T13:00:00.420Z [debug][Jellyfin Sync]: Title already exists and no new media types found Redline 
2025-10-20T13:00:00.425Z [debug][Jellyfin Sync]: Title already exists and no new media types found Compulsion 
2025-10-20T13:00:00.428Z [debug][Jellyfin Sync]: Title already exists and no new media types found Midsommar 
2025-10-20T13:00:04.435Z [info][Jellyfin Sync]: Beginning to process recently added for library: Séries 
2025-10-20T13:00:04.769Z [debug][Jellyfin Sync]: Updating existing title: MobLand 
2025-10-20T13:00:08.774Z [info][Jellyfin Sync]: Recently Added Scan Complete 
2025-10-20T13:01:00.038Z [debug][Jobs]: Starting scheduled job: Download Sync 
2025-10-20T13:02:00.081Z [debug][Jobs]: Starting scheduled job: Download Sync 
2025-10-20T13:03:00.112Z [debug][Jobs]: Starting scheduled job: Download Sync 
2025-10-20T13:04:00.089Z [debug][Jobs]: Starting scheduled job: Download Sync 
2025-10-20T13:05:00.052Z [debug][Jobs]: Starting scheduled job: Download Sync 
2025-10-20T13:05:00.103Z [info][Jobs]: Starting scheduled job: Jellyfin Recently Added Scan 
2025-10-20T13:05:00.106Z [info][Jellyfin Sync]: Jellyfin Sync Starting {"sessionId":"dfed1d08-2016-4c17-90ca-f25d0d0b355f"}
2025-10-20T13:05:00.144Z [info][Jellyfin Sync]: Beginning to process recently added for library: Filmes 
2025-10-20T13:05:00.821Z [debug][Jellyfin Sync]: Title already exists and no new media types found Midsommar 
2025-10-20T13:05:00.826Z [debug][Jellyfin Sync]: Title already exists and no new media types found Redline 
2025-10-20T13:05:00.835Z [debug][Jellyfin Sync]: Title already exists and no new media types found Compulsion 
2025-10-20T13:05:04.842Z [info][Jellyfin Sync]: Beginning to process recently added for library: Séries 
2025-10-20T13:05:05.105Z [debug][Jellyfin Sync]: Updating existing title: MobLand 
2025-10-20T13:05:09.112Z [info][Jellyfin Sync]: Recently Added Scan Complete 
2025-10-20T13:06:00.078Z [debug][Jobs]: Starting scheduled job: Download Sync 
2025-10-20T13:07:00.082Z [debug][Jobs]: Starting scheduled job: Download Sync 
2025-10-20T13:08:00.082Z [debug][Jobs]: Starting scheduled job: Download Sync 
2025-10-20T13:09:00.076Z [debug][Jobs]: Starting scheduled job: Download Sync 
2025-10-20T13:10:00.054Z [debug][Jobs]: Starting scheduled job: Download Sync 
2025-10-20T13:10:00.102Z [info][Jobs]: Starting scheduled job: Jellyfin Recently Added Scan 
2025-10-20T13:10:00.104Z [info][Jellyfin Sync]: Jellyfin Sync Starting {"sessionId":"615b48ae-1e6e-4757-abad-36bdeb25f26f"}
2025-10-20T13:10:00.131Z [info][Jellyfin Sync]: Beginning to process recently added for library: Filmes 
2025-10-20T13:10:00.332Z [debug][Jellyfin Sync]: Title already exists and no new media types found Midsommar 
2025-10-20T13:10:00.380Z [debug][Jellyfin Sync]: Title already exists and no new media types found Redline 
2025-10-20T13:10:00.387Z [debug][Jellyfin Sync]: Title already exists and no new media types found Compulsion 
2025-10-20T13:10:04.392Z [info][Jellyfin Sync]: Beginning to process recently added for library: Séries 
2025-10-20T13:10:04.637Z [debug][Jellyfin Sync]: Updating existing title: MobLand 
2025-10-20T13:10:08.642Z [info][Jellyfin Sync]: Recently Added Scan Complete 
2025-10-20T13:11:00.034Z [debug][Jobs]: Starting scheduled job: Download Sync 
2025-10-20T13:12:00.068Z [debug][Jobs]: Starting scheduled job: Download Sync 
2025-10-20T13:13:00.025Z [debug][Jobs]: Starting scheduled job: Download Sync 
2025-10-20T13:14:00.055Z [debug][Jobs]: Starting scheduled job: Download Sync 
2025-10-20T13:15:00.067Z [debug][Jobs]: Starting scheduled job: Download Sync 
2025-10-20T13:15:00.133Z [info][Jobs]: Starting scheduled job: Jellyfin Recently Added Scan 
2025-10-20T13:15:00.139Z [info][Jellyfin Sync]: Jellyfin Sync Starting {"sessionId":"b0c7694d-17f3-4f31-8d85-513eb853f51d"}
2025-10-20T13:15:00.165Z [info][Jellyfin Sync]: Beginning to process recently added for library: Filmes 
2025-10-20T13:15:00.720Z [debug][Jellyfin Sync]: Title already exists and no new media types found Midsommar 
2025-10-20T13:15:00.731Z [debug][Jellyfin Sync]: Title already exists and no new media types found Redline 
2025-10-20T13:15:00.736Z [debug][Jellyfin Sync]: Title already exists and no new media types found Compulsion 
2025-10-20T13:15:04.744Z [info][Jellyfin Sync]: Beginning to process recently added for library: Séries 
2025-10-20T13:15:05.008Z [debug][Jellyfin Sync]: Updating existing title: MobLand 
2025-10-20T13:15:09.015Z [info][Jellyfin Sync]: Recently Added Scan Complete 
2025-10-20T13:16:00.061Z [debug][Jobs]: Starting scheduled job: Download Sync 
2025-10-20T13:17:00.065Z [debug][Jobs]: Starting scheduled job: Download Sync 
2025-10-20T13:18:00.056Z [debug][Jobs]: Starting scheduled job: Download Sync 
2025-10-20T13:19:00.061Z [debug][Jobs]: Starting scheduled job: Download Sync 
2025-10-20T13:20:00.060Z [debug][Jobs]: Starting scheduled job: Download Sync 
2025-10-20T13:20:00.110Z [info][Jobs]: Starting scheduled job: Jellyfin Recently Added Scan 
2025-10-20T13:20:00.115Z [info][Jellyfin Sync]: Jellyfin Sync Starting {"sessionId":"ed92e9f6-661b-48bb-b732-aff5224c7035"}
2025-10-20T13:20:00.161Z [info][Jellyfin Sync]: Beginning to process recently added for library: Filmes 
2025-10-20T13:20:00.304Z [debug][Jellyfin Sync]: Title already exists and no new media types found Midsommar 
2025-10-20T13:20:00.327Z [debug][Jellyfin Sync]: Title already exists and no new media types found Redline 
2025-10-20T13:20:00.330Z [debug][Jellyfin Sync]: Title already exists and no new media types found Compulsion 
2025-10-20T13:20:04.334Z [info][Jellyfin Sync]: Beginning to process recently added for library: Séries 
2025-10-20T13:20:04.521Z [debug][Jellyfin Sync]: Updating existing title: MobLand 
2025-10-20T13:20:08.529Z [info][Jellyfin Sync]: Recently Added Scan Complete 
2025-10-20T13:21:00.059Z [debug][Jobs]: Starting scheduled job: Download Sync 
2025-10-20T13:22:00.066Z [debug][Jobs]: Starting scheduled job: Download Sync 
2025-10-20T13:23:00.061Z [debug][Jobs]: Starting scheduled job: Download Sync 
2025-10-20T13:24:00.064Z [debug][Jobs]: Starting scheduled job: Download Sync 
2025-10-20T13:25:00.013Z [debug][Jobs]: Starting scheduled job: Download Sync 
2025-10-20T13:25:00.027Z [info][Jobs]: Starting scheduled job: Jellyfin Recently Added Scan 
2025-10-20T13:25:00.030Z [info][Jellyfin Sync]: Jellyfin Sync Starting {"sessionId":"b6f67f1a-34fa-44fb-a89a-9bbe6c1bdda7"}
2025-10-20T13:25:00.055Z [info][Jellyfin Sync]: Beginning to process recently added for library: Filmes 
2025-10-20T13:25:00.613Z [debug][Jellyfin Sync]: Title already exists and no new media types found Midsommar 
2025-10-20T13:25:00.627Z [debug][Jellyfin Sync]: Title already exists and no new media types found Redline 
2025-10-20T13:25:00.633Z [debug][Jellyfin Sync]: Title already exists and no new media types found Compulsion 
2025-10-20T13:25:04.639Z [info][Jellyfin Sync]: Beginning to process recently added for library: Séries 
2025-10-20T13:25:04.830Z [debug][Jellyfin Sync]: Updating existing title: MobLand 
2025-10-20T13:25:08.837Z [info][Jellyfin Sync]: Recently Added Scan Complete 
2025-10-20T13:26:00.035Z [debug][Jobs]: Starting scheduled job: Download Sync 
2025-10-20T13:27:00.052Z [debug][Jobs]: Starting scheduled job: Download Sync 
2025-10-20T13:28:00.064Z [debug][Jobs]: Starting scheduled job: Download Sync 
2025-10-20T13:29:00.059Z [debug][Jobs]: Starting scheduled job: Download Sync 
2025-10-20T13:30:00.075Z [debug][Jobs]: Starting scheduled job: Download Sync 
2025-10-20T13:30:00.183Z [info][Jobs]: Starting scheduled job: Jellyfin Recently Added Scan 
2025-10-20T13:30:00.194Z [info][Jellyfin Sync]: Jellyfin Sync Starting {"sessionId":"224f2eb9-beaf-4434-a708-efa446d96931"}
2025-10-20T13:30:00.243Z [info][Jellyfin Sync]: Beginning to process recently added for library: Filmes 
2025-10-20T13:30:00.398Z [debug][Jellyfin Sync]: Title already exists and no new media types found Midsommar 
2025-10-20T13:30:00.402Z [debug][Jellyfin Sync]: Title already exists and no new media types found Compulsion 
2025-10-20T13:30:00.409Z [debug][Jellyfin Sync]: Title already exists and no new media types found Redline 
2025-10-20T13:30:04.416Z [info][Jellyfin Sync]: Beginning to process recently added for library: Séries 
2025-10-20T13:30:04.692Z [debug][Jellyfin Sync]: Updating existing title: MobLand 
2025-10-20T13:30:08.699Z [info][Jellyfin Sync]: Recently Added Scan Complete 
2025-10-20T13:31:00.072Z [debug][Jobs]: Starting scheduled job: Download Sync 
2025-10-20T13:32:00.056Z [debug][Jobs]: Starting scheduled job: Download Sync 
2025-10-20T13:33:00.067Z [debug][Jobs]: Starting scheduled job: Download Sync 
2025-10-20T13:34:00.046Z [debug][Jobs]: Starting scheduled job: Download Sync 
2025-10-20T13:35:00.038Z [debug][Jobs]: Starting scheduled job: Download Sync 
2025-10-20T13:35:00.066Z [info][Jobs]: Starting scheduled job: Jellyfin Recently Added Scan 
2025-10-20T13:35:00.069Z [info][Jellyfin Sync]: Jellyfin Sync Starting {"sessionId":"7452f1cd-837d-41fd-8bc3-1c006d2603d9"}
2025-10-20T13:35:00.099Z [info][Jellyfin Sync]: Beginning to process recently added for library: Filmes 
2025-10-20T13:35:00.716Z [debug][Jellyfin Sync]: Title already exists and no new media types found Midsommar 
2025-10-20T13:35:00.720Z [debug][Jellyfin Sync]: Title already exists and no new media types found Compulsion 
2025-10-20T13:35:00.731Z [debug][Jellyfin Sync]: Title already exists and no new media types found Redline 
2025-10-20T13:35:04.737Z [info][Jellyfin Sync]: Beginning to process recently added for library: Séries 
2025-10-20T13:35:04.946Z [debug][Jellyfin Sync]: Updating existing title: MobLand 
2025-10-20T13:35:08.953Z [info][Jellyfin Sync]: Recently Added Scan Complete 
2025-10-20T13:36:00.057Z [debug][Jobs]: Starting scheduled job: Download Sync 
2025-10-20T13:37:00.054Z [debug][Jobs]: Starting scheduled job: Download Sync 
2025-10-20T13:38:00.056Z [debug][Jobs]: Starting scheduled job: Download Sync 
2025-10-20T13:39:00.050Z [debug][Jobs]: Starting scheduled job: Download Sync 
2025-10-20T14:01:47.653Z [info]: Commit Tag: $GIT_SHA 
2025-10-20T14:01:54.169Z [info]: Starting Jellyseerr version 2.7.3 
2025-10-20T14:02:06.156Z [debug][Settings Migrator]: Checking migration '0001_migrate_hostname.js'... 
2025-10-20T14:02:06.198Z [debug][Settings Migrator]: Checking migration '0002_migrate_apitokens.js'... 
2025-10-20T14:02:06.241Z [debug][Settings Migrator]: Checking migration '0003_emby_media_server_type.js'... 
2025-10-20T14:02:06.256Z [debug][Settings Migrator]: Checking migration '0004_migrate_region_setting.js'... 
2025-10-20T14:02:06.275Z [debug][Settings Migrator]: Checking migration '0005_migrate_network_settings.js'... 
2025-10-20T14:02:06.287Z [debug][Settings Migrator]: Checking migration '0006_remove_lunasea.js'... 
2025-10-20T14:02:06.382Z [info][Notifications]: Registered notification agents 
2025-10-20T14:02:07.277Z [info][Jobs]: Scheduled jobs loaded 
2025-10-20T14:02:11.174Z [info][Server]: Server ready on port 5055 
2025-10-20T14:03:00.250Z [debug][Jobs]: Starting scheduled job: Download Sync 
2025-10-20T14:04:00.222Z [debug][Jobs]: Starting scheduled job: Download Sync 
2025-10-20T14:05:00.036Z [debug][Jobs]: Starting scheduled job: Download Sync 
2025-10-20T14:05:00.070Z [info][Jobs]: Starting scheduled job: Jellyfin Recently Added Scan 
2025-10-20T14:05:00.075Z [info][Jellyfin Sync]: Jellyfin Sync Starting {"sessionId":"5d6b8962-f099-49cc-a2f1-c2b79a617c4d"}
2025-10-20T14:05:00.132Z [info][Jellyfin Sync]: Beginning to process recently added for library: Filmes 
2025-10-20T14:05:03.955Z [debug][Jellyfin Sync]: Title already exists and no new media types found Compulsion 
2025-10-20T14:05:04.015Z [debug][Jellyfin Sync]: Title already exists and no new media types found Redline 
2025-10-20T14:05:04.066Z [debug][Jellyfin Sync]: Title already exists and no new media types found Midsommar 
2025-10-20T14:05:08.070Z [info][Jellyfin Sync]: Beginning to process recently added for library: Séries 
2025-10-20T14:05:08.743Z [debug][Jellyfin Sync]: Updating existing title: MobLand 
2025-10-20T14:05:12.747Z [info][Jellyfin Sync]: Recently Added Scan Complete 
2025-10-20T14:06:00.104Z [debug][Jobs]: Starting scheduled job: Download Sync 
2025-10-20T14:07:00.070Z [debug][Jobs]: Starting scheduled job: Download Sync 
2025-10-20T14:08:00.070Z [debug][Jobs]: Starting scheduled job: Download Sync 
